The target system is: Linux -  - 
The host system is: Linux - 4.10.0-35-generic - x86_64
Determining if the C compiler works passed with the following output:
Change Dir: /home/physiii/circuits/smart-regulator/code/build/libwebsockets/CMakeFiles/CMakeTmp

Run Build Command:"/usr/bin/make" "cmTC_b5e5f/fast"
make[2]: Entering directory '/home/physiii/circuits/smart-regulator/code/build/libwebsockets/CMakeFiles/CMakeTmp'
/usr/bin/make -f CMakeFiles/cmTC_b5e5f.dir/build.make CMakeFiles/cmTC_b5e5f.dir/build
make[3]: Entering directory '/home/physiii/circuits/smart-regulator/code/build/libwebsockets/CMakeFiles/CMakeTmp'
Building C object CMakeFiles/cmTC_b5e5f.dir/testCCompiler.c.o
/home/physiii/esp/xtensa-esp32-elf/bin/../bin/xtensa-esp32-elf-gcc    -nostdlib -Wall -Werror 	-I/home/physiii/circuits/smart-regulator/code/build/include 	-I/home/physiii/esp/esp-idf/components/mdns/include 	-I/home/physiii/esp/esp-idf/components/driver/include 	-I/home/physiii/esp/esp-idf/components/spi_flash/include 	-I/home/physiii/esp/esp-idf/components/nvs_flash/include 	-I/home/physiii/esp/esp-idf/components/tcpip_adapter/include 	-I/home/physiii/esp/esp-idf/components/lwip/include/lwip/posix 	-I/home/physiii/esp/esp-idf/components/lwip/include/lwip 	-I/home/physiii/esp/esp-idf/components/lwip/include/lwip/port 	-I/home/physiii/esp/esp-idf/components/esp32/include/ 	-I/home/physiii/esp/esp-idf/components/bootloader_support/include/ 	-I/home/physiii/esp/esp-idf/components/app_update/include/ 	-I/home/physiii/esp/esp-idf/components/soc/esp32/include/ 	-std=gnu99 -Os -ggdb -ffunction-sections -fdata-sections -fstrict-volatile-bitfields -mlongcalls -nostdlib -Wall -Werror=all -Wno-error=unused-function -Wno-error=unused-but-set-variable -Wno-error=unused-variable -Wno-error=deprecated-declarations -Wextra -Wno-unused-parameter -Wno-sign-compare -Wno-old-style-declaration -DWITH_POSIX -DMBEDTLS_CONFIG_FILE='mbedtls/esp_config.h' -DHAVE_CONFIG_H -I/home/physiii/circuits/smart-regulator/code/components/libwebsockets/plugins  -DLWS_IS_FACTORY_APPLICATION=0 -DNDEBUG=1 -Os 	-I/home/physiii/esp/esp-idf/components/nvs_flash/test_nvs_host 	-I/home/physiii/esp/esp-idf/components/freertos/include    -o CMakeFiles/cmTC_b5e5f.dir/testCCompiler.c.o   -c /home/physiii/circuits/smart-regulator/code/build/libwebsockets/CMakeFiles/CMakeTmp/testCCompiler.c
Linking C executable cmTC_b5e5f
/usr/bin/cmake -E cmake_link_script CMakeFiles/cmTC_b5e5f.dir/link.txt --verbose=1
/home/physiii/esp/xtensa-esp32-elf/bin/../bin/xtensa-esp32-elf-gcc  -nostdlib -Wall -Werror 	-I/home/physiii/circuits/smart-regulator/code/build/include 	-I/home/physiii/esp/esp-idf/components/mdns/include 	-I/home/physiii/esp/esp-idf/components/driver/include 	-I/home/physiii/esp/esp-idf/components/spi_flash/include 	-I/home/physiii/esp/esp-idf/components/nvs_flash/include 	-I/home/physiii/esp/esp-idf/components/tcpip_adapter/include 	-I/home/physiii/esp/esp-idf/components/lwip/include/lwip/posix 	-I/home/physiii/esp/esp-idf/components/lwip/include/lwip 	-I/home/physiii/esp/esp-idf/components/lwip/include/lwip/port 	-I/home/physiii/esp/esp-idf/components/esp32/include/ 	-I/home/physiii/esp/esp-idf/components/bootloader_support/include/ 	-I/home/physiii/esp/esp-idf/components/app_update/include/ 	-I$(IDF_PATH)/components/soc/esp32/include/ 	-std=gnu99 -Os -ggdb -ffunction-sections -fdata-sections -fstrict-volatile-bitfields -mlongcalls -nostdlib -Wall -Werror=all -Wno-error=unused-function -Wno-error=unused-but-set-variable -Wno-error=unused-variable -Wno-error=deprecated-declarations -Wextra -Wno-unused-parameter -Wno-sign-compare -Wno-old-style-declaration -DWITH_POSIX -DMBEDTLS_CONFIG_FILE='mbedtls/esp_config.h' -DHAVE_CONFIG_H -I/home/physiii/circuits/smart-regulator/code/components/libwebsockets/plugins  -DLWS_IS_FACTORY_APPLICATION=0 -DNDEBUG=1 -Os 	-I/home/physiii/esp/esp-idf/components/nvs_flash/test_nvs_host 	-I/home/physiii/esp/esp-idf/components/freertos/include     CMakeFiles/cmTC_b5e5f.dir/testCCompiler.c.o  -o cmTC_b5e5f  
/home/physiii/esp/xtensa-esp32-elf/bin/../lib/gcc/xtensa-esp32-elf/5.2.0/../../../../xtensa-esp32-elf/bin/ld: warning: cannot find entry symbol _start; defaulting to 0000000000400054
make[3]: Leaving directory '/home/physiii/circuits/smart-regulator/code/build/libwebsockets/CMakeFiles/CMakeTmp'
make[2]: Leaving directory '/home/physiii/circuits/smart-regulator/code/build/libwebsockets/CMakeFiles/CMakeTmp'


Detecting C compiler ABI info compiled with the following output:
Change Dir: /home/physiii/circuits/smart-regulator/code/build/libwebsockets/CMakeFiles/CMakeTmp

Run Build Command:"/usr/bin/make" "cmTC_c2663/fast"
make[2]: Entering directory '/home/physiii/circuits/smart-regulator/code/build/libwebsockets/CMakeFiles/CMakeTmp'
/usr/bin/make -f CMakeFiles/cmTC_c2663.dir/build.make CMakeFiles/cmTC_c2663.dir/build
make[3]: Entering directory '/home/physiii/circuits/smart-regulator/code/build/libwebsockets/CMakeFiles/CMakeTmp'
Building C object CMakeFiles/cmTC_c2663.dir/CMakeCCompilerABI.c.o
/home/physiii/esp/xtensa-esp32-elf/bin/../bin/xtensa-esp32-elf-gcc    -nostdlib -Wall -Werror 	-I/home/physiii/circuits/smart-regulator/code/build/include 	-I/home/physiii/esp/esp-idf/components/mdns/include 	-I/home/physiii/esp/esp-idf/components/driver/include 	-I/home/physiii/esp/esp-idf/components/spi_flash/include 	-I/home/physiii/esp/esp-idf/components/nvs_flash/include 	-I/home/physiii/esp/esp-idf/components/tcpip_adapter/include 	-I/home/physiii/esp/esp-idf/components/lwip/include/lwip/posix 	-I/home/physiii/esp/esp-idf/components/lwip/include/lwip 	-I/home/physiii/esp/esp-idf/components/lwip/include/lwip/port 	-I/home/physiii/esp/esp-idf/components/esp32/include/ 	-I/home/physiii/esp/esp-idf/components/bootloader_support/include/ 	-I/home/physiii/esp/esp-idf/components/app_update/include/ 	-I/home/physiii/esp/esp-idf/components/soc/esp32/include/ 	-std=gnu99 -Os -ggdb -ffunction-sections -fdata-sections -fstrict-volatile-bitfields -mlongcalls -nostdlib -Wall -Werror=all -Wno-error=unused-function -Wno-error=unused-but-set-variable -Wno-error=unused-variable -Wno-error=deprecated-declarations -Wextra -Wno-unused-parameter -Wno-sign-compare -Wno-old-style-declaration -DWITH_POSIX -DMBEDTLS_CONFIG_FILE='mbedtls/esp_config.h' -DHAVE_CONFIG_H -I/home/physiii/circuits/smart-regulator/code/components/libwebsockets/plugins  -DLWS_IS_FACTORY_APPLICATION=0 -DNDEBUG=1 -Os 	-I/home/physiii/esp/esp-idf/components/nvs_flash/test_nvs_host 	-I/home/physiii/esp/esp-idf/components/freertos/include    -o CMakeFiles/cmTC_c2663.dir/CMakeCCompilerABI.c.o   -c /usr/share/cmake-3.7/Modules/CMakeCCompilerABI.c
Linking C executable cmTC_c2663
/usr/bin/cmake -E cmake_link_script CMakeFiles/cmTC_c2663.dir/link.txt --verbose=1
/home/physiii/esp/xtensa-esp32-elf/bin/../bin/xtensa-esp32-elf-gcc  -nostdlib -Wall -Werror 	-I/home/physiii/circuits/smart-regulator/code/build/include 	-I/home/physiii/esp/esp-idf/components/mdns/include 	-I/home/physiii/esp/esp-idf/components/driver/include 	-I/home/physiii/esp/esp-idf/components/spi_flash/include 	-I/home/physiii/esp/esp-idf/components/nvs_flash/include 	-I/home/physiii/esp/esp-idf/components/tcpip_adapter/include 	-I/home/physiii/esp/esp-idf/components/lwip/include/lwip/posix 	-I/home/physiii/esp/esp-idf/components/lwip/include/lwip 	-I/home/physiii/esp/esp-idf/components/lwip/include/lwip/port 	-I/home/physiii/esp/esp-idf/components/esp32/include/ 	-I/home/physiii/esp/esp-idf/components/bootloader_support/include/ 	-I/home/physiii/esp/esp-idf/components/app_update/include/ 	-I$(IDF_PATH)/components/soc/esp32/include/ 	-std=gnu99 -Os -ggdb -ffunction-sections -fdata-sections -fstrict-volatile-bitfields -mlongcalls -nostdlib -Wall -Werror=all -Wno-error=unused-function -Wno-error=unused-but-set-variable -Wno-error=unused-variable -Wno-error=deprecated-declarations -Wextra -Wno-unused-parameter -Wno-sign-compare -Wno-old-style-declaration -DWITH_POSIX -DMBEDTLS_CONFIG_FILE='mbedtls/esp_config.h' -DHAVE_CONFIG_H -I/home/physiii/circuits/smart-regulator/code/components/libwebsockets/plugins  -DLWS_IS_FACTORY_APPLICATION=0 -DNDEBUG=1 -Os 	-I/home/physiii/esp/esp-idf/components/nvs_flash/test_nvs_host 	-I/home/physiii/esp/esp-idf/components/freertos/include     CMakeFiles/cmTC_c2663.dir/CMakeCCompilerABI.c.o  -o cmTC_c2663   
/home/physiii/esp/xtensa-esp32-elf/bin/../lib/gcc/xtensa-esp32-elf/5.2.0/../../../../xtensa-esp32-elf/bin/ld: warning: cannot find entry symbol _start; defaulting to 0000000000400054
make[3]: Leaving directory '/home/physiii/circuits/smart-regulator/code/build/libwebsockets/CMakeFiles/CMakeTmp'
make[2]: Leaving directory '/home/physiii/circuits/smart-regulator/code/build/libwebsockets/CMakeFiles/CMakeTmp'


Performing C SOURCE FILE Test LWS_HAVE_inline succeeded with the following output:
Change Dir: /home/physiii/circuits/smart-regulator/code/build/libwebsockets/CMakeFiles/CMakeTmp

Run Build Command:"/usr/bin/make" "cmTC_e6773/fast"
make[2]: Entering directory '/home/physiii/circuits/smart-regulator/code/build/libwebsockets/CMakeFiles/CMakeTmp'
/usr/bin/make -f CMakeFiles/cmTC_e6773.dir/build.make CMakeFiles/cmTC_e6773.dir/build
make[3]: Entering directory '/home/physiii/circuits/smart-regulator/code/build/libwebsockets/CMakeFiles/CMakeTmp'
Building C object CMakeFiles/cmTC_e6773.dir/src.c.o
/home/physiii/esp/xtensa-esp32-elf/bin/../bin/xtensa-esp32-elf-gcc  -DKEYWORD=inline  -nostdlib -Wall -Werror 	-I/home/physiii/circuits/smart-regulator/code/build/include 	-I/home/physiii/esp/esp-idf/components/mdns/include 	-I/home/physiii/esp/esp-idf/components/driver/include 	-I/home/physiii/esp/esp-idf/components/spi_flash/include 	-I/home/physiii/esp/esp-idf/components/nvs_flash/include 	-I/home/physiii/esp/esp-idf/components/tcpip_adapter/include 	-I/home/physiii/esp/esp-idf/components/lwip/include/lwip/posix 	-I/home/physiii/esp/esp-idf/components/lwip/include/lwip 	-I/home/physiii/esp/esp-idf/components/lwip/include/lwip/port 	-I/home/physiii/esp/esp-idf/components/esp32/include/ 	-I/home/physiii/esp/esp-idf/components/bootloader_support/include/ 	-I/home/physiii/esp/esp-idf/components/app_update/include/ 	-I/home/physiii/esp/esp-idf/components/soc/esp32/include/ 	-std=gnu99 -Os -ggdb -ffunction-sections -fdata-sections -fstrict-volatile-bitfields -mlongcalls -nostdlib -Wall -Werror=all -Wno-error=unused-function -Wno-error=unused-but-set-variable -Wno-error=unused-variable -Wno-error=deprecated-declarations -Wextra -Wno-unused-parameter -Wno-sign-compare -Wno-old-style-declaration -DWITH_POSIX -DMBEDTLS_CONFIG_FILE='mbedtls/esp_config.h' -DHAVE_CONFIG_H -I/home/physiii/circuits/smart-regulator/code/components/libwebsockets/plugins  -DLWS_IS_FACTORY_APPLICATION=0 -DNDEBUG=1 -Os 	-I/home/physiii/esp/esp-idf/components/nvs_flash/test_nvs_host 	-I/home/physiii/esp/esp-idf/components/freertos/include -DLWS_HAVE_inline   -o CMakeFiles/cmTC_e6773.dir/src.c.o   -c /home/physiii/circuits/smart-regulator/code/build/libwebsockets/CMakeFiles/CMakeTmp/src.c
Linking C executable cmTC_e6773
/usr/bin/cmake -E cmake_link_script CMakeFiles/cmTC_e6773.dir/link.txt --verbose=1
/home/physiii/esp/xtensa-esp32-elf/bin/../bin/xtensa-esp32-elf-gcc  -nostdlib -Wall -Werror 	-I/home/physiii/circuits/smart-regulator/code/build/include 	-I/home/physiii/esp/esp-idf/components/mdns/include 	-I/home/physiii/esp/esp-idf/components/driver/include 	-I/home/physiii/esp/esp-idf/components/spi_flash/include 	-I/home/physiii/esp/esp-idf/components/nvs_flash/include 	-I/home/physiii/esp/esp-idf/components/tcpip_adapter/include 	-I/home/physiii/esp/esp-idf/components/lwip/include/lwip/posix 	-I/home/physiii/esp/esp-idf/components/lwip/include/lwip 	-I/home/physiii/esp/esp-idf/components/lwip/include/lwip/port 	-I/home/physiii/esp/esp-idf/components/esp32/include/ 	-I/home/physiii/esp/esp-idf/components/bootloader_support/include/ 	-I/home/physiii/esp/esp-idf/components/app_update/include/ 	-I$(IDF_PATH)/components/soc/esp32/include/ 	-std=gnu99 -Os -ggdb -ffunction-sections -fdata-sections -fstrict-volatile-bitfields -mlongcalls -nostdlib -Wall -Werror=all -Wno-error=unused-function -Wno-error=unused-but-set-variable -Wno-error=unused-variable -Wno-error=deprecated-declarations -Wextra -Wno-unused-parameter -Wno-sign-compare -Wno-old-style-declaration -DWITH_POSIX -DMBEDTLS_CONFIG_FILE='mbedtls/esp_config.h' -DHAVE_CONFIG_H -I/home/physiii/circuits/smart-regulator/code/components/libwebsockets/plugins  -DLWS_IS_FACTORY_APPLICATION=0 -DNDEBUG=1 -Os 	-I/home/physiii/esp/esp-idf/components/nvs_flash/test_nvs_host 	-I/home/physiii/esp/esp-idf/components/freertos/include -DLWS_HAVE_inline    CMakeFiles/cmTC_e6773.dir/src.c.o  -o cmTC_e6773  
/home/physiii/esp/xtensa-esp32-elf/bin/../lib/gcc/xtensa-esp32-elf/5.2.0/../../../../xtensa-esp32-elf/bin/ld: warning: cannot find entry symbol _start; defaulting to 0000000000400054
make[3]: Leaving directory '/home/physiii/circuits/smart-regulator/code/build/libwebsockets/CMakeFiles/CMakeTmp'
make[2]: Leaving directory '/home/physiii/circuits/smart-regulator/code/build/libwebsockets/CMakeFiles/CMakeTmp'

Source file was:

		#include <stdio.h>
		static KEYWORD void a() {}
		int main(int argc, char **argv) { a(); return 0; }
		
Performing C SOURCE FILE Test LWS_HAVE___inline__ succeeded with the following output:
Change Dir: /home/physiii/circuits/smart-regulator/code/build/libwebsockets/CMakeFiles/CMakeTmp

Run Build Command:"/usr/bin/make" "cmTC_a99b9/fast"
make[2]: Entering directory '/home/physiii/circuits/smart-regulator/code/build/libwebsockets/CMakeFiles/CMakeTmp'
/usr/bin/make -f CMakeFiles/cmTC_a99b9.dir/build.make CMakeFiles/cmTC_a99b9.dir/build
make[3]: Entering directory '/home/physiii/circuits/smart-regulator/code/build/libwebsockets/CMakeFiles/CMakeTmp'
Building C object CMakeFiles/cmTC_a99b9.dir/src.c.o
/home/physiii/esp/xtensa-esp32-elf/bin/../bin/xtensa-esp32-elf-gcc  -DKEYWORD=__inline__  -nostdlib -Wall -Werror 	-I/home/physiii/circuits/smart-regulator/code/build/include 	-I/home/physiii/esp/esp-idf/components/mdns/include 	-I/home/physiii/esp/esp-idf/components/driver/include 	-I/home/physiii/esp/esp-idf/components/spi_flash/include 	-I/home/physiii/esp/esp-idf/components/nvs_flash/include 	-I/home/physiii/esp/esp-idf/components/tcpip_adapter/include 	-I/home/physiii/esp/esp-idf/components/lwip/include/lwip/posix 	-I/home/physiii/esp/esp-idf/components/lwip/include/lwip 	-I/home/physiii/esp/esp-idf/components/lwip/include/lwip/port 	-I/home/physiii/esp/esp-idf/components/esp32/include/ 	-I/home/physiii/esp/esp-idf/components/bootloader_support/include/ 	-I/home/physiii/esp/esp-idf/components/app_update/include/ 	-I/home/physiii/esp/esp-idf/components/soc/esp32/include/ 	-std=gnu99 -Os -ggdb -ffunction-sections -fdata-sections -fstrict-volatile-bitfields -mlongcalls -nostdlib -Wall -Werror=all -Wno-error=unused-function -Wno-error=unused-but-set-variable -Wno-error=unused-variable -Wno-error=deprecated-declarations -Wextra -Wno-unused-parameter -Wno-sign-compare -Wno-old-style-declaration -DWITH_POSIX -DMBEDTLS_CONFIG_FILE='mbedtls/esp_config.h' -DHAVE_CONFIG_H -I/home/physiii/circuits/smart-regulator/code/components/libwebsockets/plugins  -DLWS_IS_FACTORY_APPLICATION=0 -DNDEBUG=1 -Os 	-I/home/physiii/esp/esp-idf/components/nvs_flash/test_nvs_host 	-I/home/physiii/esp/esp-idf/components/freertos/include -DLWS_HAVE___inline__   -o CMakeFiles/cmTC_a99b9.dir/src.c.o   -c /home/physiii/circuits/smart-regulator/code/build/libwebsockets/CMakeFiles/CMakeTmp/src.c
Linking C executable cmTC_a99b9
/usr/bin/cmake -E cmake_link_script CMakeFiles/cmTC_a99b9.dir/link.txt --verbose=1
/home/physiii/esp/xtensa-esp32-elf/bin/../bin/xtensa-esp32-elf-gcc  -nostdlib -Wall -Werror 	-I/home/physiii/circuits/smart-regulator/code/build/include 	-I/home/physiii/esp/esp-idf/components/mdns/include 	-I/home/physiii/esp/esp-idf/components/driver/include 	-I/home/physiii/esp/esp-idf/components/spi_flash/include 	-I/home/physiii/esp/esp-idf/components/nvs_flash/include 	-I/home/physiii/esp/esp-idf/components/tcpip_adapter/include 	-I/home/physiii/esp/esp-idf/components/lwip/include/lwip/posix 	-I/home/physiii/esp/esp-idf/components/lwip/include/lwip 	-I/home/physiii/esp/esp-idf/components/lwip/include/lwip/port 	-I/home/physiii/esp/esp-idf/components/esp32/include/ 	-I/home/physiii/esp/esp-idf/components/bootloader_support/include/ 	-I/home/physiii/esp/esp-idf/components/app_update/include/ 	-I$(IDF_PATH)/components/soc/esp32/include/ 	-std=gnu99 -Os -ggdb -ffunction-sections -fdata-sections -fstrict-volatile-bitfields -mlongcalls -nostdlib -Wall -Werror=all -Wno-error=unused-function -Wno-error=unused-but-set-variable -Wno-error=unused-variable -Wno-error=deprecated-declarations -Wextra -Wno-unused-parameter -Wno-sign-compare -Wno-old-style-declaration -DWITH_POSIX -DMBEDTLS_CONFIG_FILE='mbedtls/esp_config.h' -DHAVE_CONFIG_H -I/home/physiii/circuits/smart-regulator/code/components/libwebsockets/plugins  -DLWS_IS_FACTORY_APPLICATION=0 -DNDEBUG=1 -Os 	-I/home/physiii/esp/esp-idf/components/nvs_flash/test_nvs_host 	-I/home/physiii/esp/esp-idf/components/freertos/include -DLWS_HAVE___inline__    CMakeFiles/cmTC_a99b9.dir/src.c.o  -o cmTC_a99b9  
/home/physiii/esp/xtensa-esp32-elf/bin/../lib/gcc/xtensa-esp32-elf/5.2.0/../../../../xtensa-esp32-elf/bin/ld: warning: cannot find entry symbol _start; defaulting to 0000000000400054
make[3]: Leaving directory '/home/physiii/circuits/smart-regulator/code/build/libwebsockets/CMakeFiles/CMakeTmp'
make[2]: Leaving directory '/home/physiii/circuits/smart-regulator/code/build/libwebsockets/CMakeFiles/CMakeTmp'

Source file was:

		#include <stdio.h>
		static KEYWORD void a() {}
		int main(int argc, char **argv) { a(); return 0; }
		
Performing C SOURCE FILE Test LWS_HAVE___inline succeeded with the following output:
Change Dir: /home/physiii/circuits/smart-regulator/code/build/libwebsockets/CMakeFiles/CMakeTmp

Run Build Command:"/usr/bin/make" "cmTC_f6035/fast"
make[2]: Entering directory '/home/physiii/circuits/smart-regulator/code/build/libwebsockets/CMakeFiles/CMakeTmp'
/usr/bin/make -f CMakeFiles/cmTC_f6035.dir/build.make CMakeFiles/cmTC_f6035.dir/build
make[3]: Entering directory '/home/physiii/circuits/smart-regulator/code/build/libwebsockets/CMakeFiles/CMakeTmp'
Building C object CMakeFiles/cmTC_f6035.dir/src.c.o
/home/physiii/esp/xtensa-esp32-elf/bin/../bin/xtensa-esp32-elf-gcc  -DKEYWORD=__inline  -nostdlib -Wall -Werror 	-I/home/physiii/circuits/smart-regulator/code/build/include 	-I/home/physiii/esp/esp-idf/components/mdns/include 	-I/home/physiii/esp/esp-idf/components/driver/include 	-I/home/physiii/esp/esp-idf/components/spi_flash/include 	-I/home/physiii/esp/esp-idf/components/nvs_flash/include 	-I/home/physiii/esp/esp-idf/components/tcpip_adapter/include 	-I/home/physiii/esp/esp-idf/components/lwip/include/lwip/posix 	-I/home/physiii/esp/esp-idf/components/lwip/include/lwip 	-I/home/physiii/esp/esp-idf/components/lwip/include/lwip/port 	-I/home/physiii/esp/esp-idf/components/esp32/include/ 	-I/home/physiii/esp/esp-idf/components/bootloader_support/include/ 	-I/home/physiii/esp/esp-idf/components/app_update/include/ 	-I/home/physiii/esp/esp-idf/components/soc/esp32/include/ 	-std=gnu99 -Os -ggdb -ffunction-sections -fdata-sections -fstrict-volatile-bitfields -mlongcalls -nostdlib -Wall -Werror=all -Wno-error=unused-function -Wno-error=unused-but-set-variable -Wno-error=unused-variable -Wno-error=deprecated-declarations -Wextra -Wno-unused-parameter -Wno-sign-compare -Wno-old-style-declaration -DWITH_POSIX -DMBEDTLS_CONFIG_FILE='mbedtls/esp_config.h' -DHAVE_CONFIG_H -I/home/physiii/circuits/smart-regulator/code/components/libwebsockets/plugins  -DLWS_IS_FACTORY_APPLICATION=0 -DNDEBUG=1 -Os 	-I/home/physiii/esp/esp-idf/components/nvs_flash/test_nvs_host 	-I/home/physiii/esp/esp-idf/components/freertos/include -DLWS_HAVE___inline   -o CMakeFiles/cmTC_f6035.dir/src.c.o   -c /home/physiii/circuits/smart-regulator/code/build/libwebsockets/CMakeFiles/CMakeTmp/src.c
Linking C executable cmTC_f6035
/usr/bin/cmake -E cmake_link_script CMakeFiles/cmTC_f6035.dir/link.txt --verbose=1
/home/physiii/esp/xtensa-esp32-elf/bin/../bin/xtensa-esp32-elf-gcc  -nostdlib -Wall -Werror 	-I/home/physiii/circuits/smart-regulator/code/build/include 	-I/home/physiii/esp/esp-idf/components/mdns/include 	-I/home/physiii/esp/esp-idf/components/driver/include 	-I/home/physiii/esp/esp-idf/components/spi_flash/include 	-I/home/physiii/esp/esp-idf/components/nvs_flash/include 	-I/home/physiii/esp/esp-idf/components/tcpip_adapter/include 	-I/home/physiii/esp/esp-idf/components/lwip/include/lwip/posix 	-I/home/physiii/esp/esp-idf/components/lwip/include/lwip 	-I/home/physiii/esp/esp-idf/components/lwip/include/lwip/port 	-I/home/physiii/esp/esp-idf/components/esp32/include/ 	-I/home/physiii/esp/esp-idf/components/bootloader_support/include/ 	-I/home/physiii/esp/esp-idf/components/app_update/include/ 	-I$(IDF_PATH)/components/soc/esp32/include/ 	-std=gnu99 -Os -ggdb -ffunction-sections -fdata-sections -fstrict-volatile-bitfields -mlongcalls -nostdlib -Wall -Werror=all -Wno-error=unused-function -Wno-error=unused-but-set-variable -Wno-error=unused-variable -Wno-error=deprecated-declarations -Wextra -Wno-unused-parameter -Wno-sign-compare -Wno-old-style-declaration -DWITH_POSIX -DMBEDTLS_CONFIG_FILE='mbedtls/esp_config.h' -DHAVE_CONFIG_H -I/home/physiii/circuits/smart-regulator/code/components/libwebsockets/plugins  -DLWS_IS_FACTORY_APPLICATION=0 -DNDEBUG=1 -Os 	-I/home/physiii/esp/esp-idf/components/nvs_flash/test_nvs_host 	-I/home/physiii/esp/esp-idf/components/freertos/include -DLWS_HAVE___inline    CMakeFiles/cmTC_f6035.dir/src.c.o  -o cmTC_f6035  
/home/physiii/esp/xtensa-esp32-elf/bin/../lib/gcc/xtensa-esp32-elf/5.2.0/../../../../xtensa-esp32-elf/bin/ld: warning: cannot find entry symbol _start; defaulting to 0000000000400054
make[3]: Leaving directory '/home/physiii/circuits/smart-regulator/code/build/libwebsockets/CMakeFiles/CMakeTmp'
make[2]: Leaving directory '/home/physiii/circuits/smart-regulator/code/build/libwebsockets/CMakeFiles/CMakeTmp'

Source file was:

		#include <stdio.h>
		static KEYWORD void a() {}
		int main(int argc, char **argv) { a(); return 0; }
		
Determining if the include file fcntl.h exists passed with the following output:
Change Dir: /home/physiii/circuits/smart-regulator/code/build/libwebsockets/CMakeFiles/CMakeTmp

Run Build Command:"/usr/bin/make" "cmTC_3d325/fast"
make[2]: Entering directory '/home/physiii/circuits/smart-regulator/code/build/libwebsockets/CMakeFiles/CMakeTmp'
/usr/bin/make -f CMakeFiles/cmTC_3d325.dir/build.make CMakeFiles/cmTC_3d325.dir/build
make[3]: Entering directory '/home/physiii/circuits/smart-regulator/code/build/libwebsockets/CMakeFiles/CMakeTmp'
Building C object CMakeFiles/cmTC_3d325.dir/CheckIncludeFile.c.o
/home/physiii/esp/xtensa-esp32-elf/bin/../bin/xtensa-esp32-elf-gcc  -DKEYWORD=__inline  -nostdlib -Wall -Werror 	-I/home/physiii/circuits/smart-regulator/code/build/include 	-I/home/physiii/esp/esp-idf/components/mdns/include 	-I/home/physiii/esp/esp-idf/components/driver/include 	-I/home/physiii/esp/esp-idf/components/spi_flash/include 	-I/home/physiii/esp/esp-idf/components/nvs_flash/include 	-I/home/physiii/esp/esp-idf/components/tcpip_adapter/include 	-I/home/physiii/esp/esp-idf/components/lwip/include/lwip/posix 	-I/home/physiii/esp/esp-idf/components/lwip/include/lwip 	-I/home/physiii/esp/esp-idf/components/lwip/include/lwip/port 	-I/home/physiii/esp/esp-idf/components/esp32/include/ 	-I/home/physiii/esp/esp-idf/components/bootloader_support/include/ 	-I/home/physiii/esp/esp-idf/components/app_update/include/ 	-I/home/physiii/esp/esp-idf/components/soc/esp32/include/ 	-std=gnu99 -Os -ggdb -ffunction-sections -fdata-sections -fstrict-volatile-bitfields -mlongcalls -nostdlib -Wall -Werror=all -Wno-error=unused-function -Wno-error=unused-but-set-variable -Wno-error=unused-variable -Wno-error=deprecated-declarations -Wextra -Wno-unused-parameter -Wno-sign-compare -Wno-old-style-declaration -DWITH_POSIX -DMBEDTLS_CONFIG_FILE='mbedtls/esp_config.h' -DHAVE_CONFIG_H -I/home/physiii/circuits/smart-regulator/code/components/libwebsockets/plugins  -DLWS_IS_FACTORY_APPLICATION=0 -DNDEBUG=1 -Os 	-I/home/physiii/esp/esp-idf/components/nvs_flash/test_nvs_host 	-I/home/physiii/esp/esp-idf/components/freertos/include    -o CMakeFiles/cmTC_3d325.dir/CheckIncludeFile.c.o   -c /home/physiii/circuits/smart-regulator/code/build/libwebsockets/CMakeFiles/CMakeTmp/CheckIncludeFile.c
Linking C executable cmTC_3d325
/usr/bin/cmake -E cmake_link_script CMakeFiles/cmTC_3d325.dir/link.txt --verbose=1
/home/physiii/esp/xtensa-esp32-elf/bin/../bin/xtensa-esp32-elf-gcc  -nostdlib -Wall -Werror 	-I/home/physiii/circuits/smart-regulator/code/build/include 	-I/home/physiii/esp/esp-idf/components/mdns/include 	-I/home/physiii/esp/esp-idf/components/driver/include 	-I/home/physiii/esp/esp-idf/components/spi_flash/include 	-I/home/physiii/esp/esp-idf/components/nvs_flash/include 	-I/home/physiii/esp/esp-idf/components/tcpip_adapter/include 	-I/home/physiii/esp/esp-idf/components/lwip/include/lwip/posix 	-I/home/physiii/esp/esp-idf/components/lwip/include/lwip 	-I/home/physiii/esp/esp-idf/components/lwip/include/lwip/port 	-I/home/physiii/esp/esp-idf/components/esp32/include/ 	-I/home/physiii/esp/esp-idf/components/bootloader_support/include/ 	-I/home/physiii/esp/esp-idf/components/app_update/include/ 	-I$(IDF_PATH)/components/soc/esp32/include/ 	-std=gnu99 -Os -ggdb -ffunction-sections -fdata-sections -fstrict-volatile-bitfields -mlongcalls -nostdlib -Wall -Werror=all -Wno-error=unused-function -Wno-error=unused-but-set-variable -Wno-error=unused-variable -Wno-error=deprecated-declarations -Wextra -Wno-unused-parameter -Wno-sign-compare -Wno-old-style-declaration -DWITH_POSIX -DMBEDTLS_CONFIG_FILE='mbedtls/esp_config.h' -DHAVE_CONFIG_H -I/home/physiii/circuits/smart-regulator/code/components/libwebsockets/plugins  -DLWS_IS_FACTORY_APPLICATION=0 -DNDEBUG=1 -Os 	-I/home/physiii/esp/esp-idf/components/nvs_flash/test_nvs_host 	-I/home/physiii/esp/esp-idf/components/freertos/include     CMakeFiles/cmTC_3d325.dir/CheckIncludeFile.c.o  -o cmTC_3d325  
/home/physiii/esp/xtensa-esp32-elf/bin/../lib/gcc/xtensa-esp32-elf/5.2.0/../../../../xtensa-esp32-elf/bin/ld: warning: cannot find entry symbol _start; defaulting to 0000000000400054
make[3]: Leaving directory '/home/physiii/circuits/smart-regulator/code/build/libwebsockets/CMakeFiles/CMakeTmp'
make[2]: Leaving directory '/home/physiii/circuits/smart-regulator/code/build/libwebsockets/CMakeFiles/CMakeTmp'


Determining if the include file inttypes.h exists passed with the following output:
Change Dir: /home/physiii/circuits/smart-regulator/code/build/libwebsockets/CMakeFiles/CMakeTmp

Run Build Command:"/usr/bin/make" "cmTC_061ec/fast"
make[2]: Entering directory '/home/physiii/circuits/smart-regulator/code/build/libwebsockets/CMakeFiles/CMakeTmp'
/usr/bin/make -f CMakeFiles/cmTC_061ec.dir/build.make CMakeFiles/cmTC_061ec.dir/build
make[3]: Entering directory '/home/physiii/circuits/smart-regulator/code/build/libwebsockets/CMakeFiles/CMakeTmp'
Building C object CMakeFiles/cmTC_061ec.dir/CheckIncludeFile.c.o
/home/physiii/esp/xtensa-esp32-elf/bin/../bin/xtensa-esp32-elf-gcc  -DKEYWORD=__inline  -nostdlib -Wall -Werror 	-I/home/physiii/circuits/smart-regulator/code/build/include 	-I/home/physiii/esp/esp-idf/components/mdns/include 	-I/home/physiii/esp/esp-idf/components/driver/include 	-I/home/physiii/esp/esp-idf/components/spi_flash/include 	-I/home/physiii/esp/esp-idf/components/nvs_flash/include 	-I/home/physiii/esp/esp-idf/components/tcpip_adapter/include 	-I/home/physiii/esp/esp-idf/components/lwip/include/lwip/posix 	-I/home/physiii/esp/esp-idf/components/lwip/include/lwip 	-I/home/physiii/esp/esp-idf/components/lwip/include/lwip/port 	-I/home/physiii/esp/esp-idf/components/esp32/include/ 	-I/home/physiii/esp/esp-idf/components/bootloader_support/include/ 	-I/home/physiii/esp/esp-idf/components/app_update/include/ 	-I/home/physiii/esp/esp-idf/components/soc/esp32/include/ 	-std=gnu99 -Os -ggdb -ffunction-sections -fdata-sections -fstrict-volatile-bitfields -mlongcalls -nostdlib -Wall -Werror=all -Wno-error=unused-function -Wno-error=unused-but-set-variable -Wno-error=unused-variable -Wno-error=deprecated-declarations -Wextra -Wno-unused-parameter -Wno-sign-compare -Wno-old-style-declaration -DWITH_POSIX -DMBEDTLS_CONFIG_FILE='mbedtls/esp_config.h' -DHAVE_CONFIG_H -I/home/physiii/circuits/smart-regulator/code/components/libwebsockets/plugins  -DLWS_IS_FACTORY_APPLICATION=0 -DNDEBUG=1 -Os 	-I/home/physiii/esp/esp-idf/components/nvs_flash/test_nvs_host 	-I/home/physiii/esp/esp-idf/components/freertos/include    -o CMakeFiles/cmTC_061ec.dir/CheckIncludeFile.c.o   -c /home/physiii/circuits/smart-regulator/code/build/libwebsockets/CMakeFiles/CMakeTmp/CheckIncludeFile.c
Linking C executable cmTC_061ec
/usr/bin/cmake -E cmake_link_script CMakeFiles/cmTC_061ec.dir/link.txt --verbose=1
/home/physiii/esp/xtensa-esp32-elf/bin/../bin/xtensa-esp32-elf-gcc  -nostdlib -Wall -Werror 	-I/home/physiii/circuits/smart-regulator/code/build/include 	-I/home/physiii/esp/esp-idf/components/mdns/include 	-I/home/physiii/esp/esp-idf/components/driver/include 	-I/home/physiii/esp/esp-idf/components/spi_flash/include 	-I/home/physiii/esp/esp-idf/components/nvs_flash/include 	-I/home/physiii/esp/esp-idf/components/tcpip_adapter/include 	-I/home/physiii/esp/esp-idf/components/lwip/include/lwip/posix 	-I/home/physiii/esp/esp-idf/components/lwip/include/lwip 	-I/home/physiii/esp/esp-idf/components/lwip/include/lwip/port 	-I/home/physiii/esp/esp-idf/components/esp32/include/ 	-I/home/physiii/esp/esp-idf/components/bootloader_support/include/ 	-I/home/physiii/esp/esp-idf/components/app_update/include/ 	-I$(IDF_PATH)/components/soc/esp32/include/ 	-std=gnu99 -Os -ggdb -ffunction-sections -fdata-sections -fstrict-volatile-bitfields -mlongcalls -nostdlib -Wall -Werror=all -Wno-error=unused-function -Wno-error=unused-but-set-variable -Wno-error=unused-variable -Wno-error=deprecated-declarations -Wextra -Wno-unused-parameter -Wno-sign-compare -Wno-old-style-declaration -DWITH_POSIX -DMBEDTLS_CONFIG_FILE='mbedtls/esp_config.h' -DHAVE_CONFIG_H -I/home/physiii/circuits/smart-regulator/code/components/libwebsockets/plugins  -DLWS_IS_FACTORY_APPLICATION=0 -DNDEBUG=1 -Os 	-I/home/physiii/esp/esp-idf/components/nvs_flash/test_nvs_host 	-I/home/physiii/esp/esp-idf/components/freertos/include     CMakeFiles/cmTC_061ec.dir/CheckIncludeFile.c.o  -o cmTC_061ec  
/home/physiii/esp/xtensa-esp32-elf/bin/../lib/gcc/xtensa-esp32-elf/5.2.0/../../../../xtensa-esp32-elf/bin/ld: warning: cannot find entry symbol _start; defaulting to 0000000000400054
make[3]: Leaving directory '/home/physiii/circuits/smart-regulator/code/build/libwebsockets/CMakeFiles/CMakeTmp'
make[2]: Leaving directory '/home/physiii/circuits/smart-regulator/code/build/libwebsockets/CMakeFiles/CMakeTmp'


Determining if the include file netinet/in.h exists passed with the following output:
Change Dir: /home/physiii/circuits/smart-regulator/code/build/libwebsockets/CMakeFiles/CMakeTmp

Run Build Command:"/usr/bin/make" "cmTC_94e90/fast"
make[2]: Entering directory '/home/physiii/circuits/smart-regulator/code/build/libwebsockets/CMakeFiles/CMakeTmp'
/usr/bin/make -f CMakeFiles/cmTC_94e90.dir/build.make CMakeFiles/cmTC_94e90.dir/build
make[3]: Entering directory '/home/physiii/circuits/smart-regulator/code/build/libwebsockets/CMakeFiles/CMakeTmp'
Building C object CMakeFiles/cmTC_94e90.dir/CheckIncludeFile.c.o
/home/physiii/esp/xtensa-esp32-elf/bin/../bin/xtensa-esp32-elf-gcc  -DKEYWORD=__inline  -nostdlib -Wall -Werror 	-I/home/physiii/circuits/smart-regulator/code/build/include 	-I/home/physiii/esp/esp-idf/components/mdns/include 	-I/home/physiii/esp/esp-idf/components/driver/include 	-I/home/physiii/esp/esp-idf/components/spi_flash/include 	-I/home/physiii/esp/esp-idf/components/nvs_flash/include 	-I/home/physiii/esp/esp-idf/components/tcpip_adapter/include 	-I/home/physiii/esp/esp-idf/components/lwip/include/lwip/posix 	-I/home/physiii/esp/esp-idf/components/lwip/include/lwip 	-I/home/physiii/esp/esp-idf/components/lwip/include/lwip/port 	-I/home/physiii/esp/esp-idf/components/esp32/include/ 	-I/home/physiii/esp/esp-idf/components/bootloader_support/include/ 	-I/home/physiii/esp/esp-idf/components/app_update/include/ 	-I/home/physiii/esp/esp-idf/components/soc/esp32/include/ 	-std=gnu99 -Os -ggdb -ffunction-sections -fdata-sections -fstrict-volatile-bitfields -mlongcalls -nostdlib -Wall -Werror=all -Wno-error=unused-function -Wno-error=unused-but-set-variable -Wno-error=unused-variable -Wno-error=deprecated-declarations -Wextra -Wno-unused-parameter -Wno-sign-compare -Wno-old-style-declaration -DWITH_POSIX -DMBEDTLS_CONFIG_FILE='mbedtls/esp_config.h' -DHAVE_CONFIG_H -I/home/physiii/circuits/smart-regulator/code/components/libwebsockets/plugins  -DLWS_IS_FACTORY_APPLICATION=0 -DNDEBUG=1 -Os 	-I/home/physiii/esp/esp-idf/components/nvs_flash/test_nvs_host 	-I/home/physiii/esp/esp-idf/components/freertos/include    -o CMakeFiles/cmTC_94e90.dir/CheckIncludeFile.c.o   -c /home/physiii/circuits/smart-regulator/code/build/libwebsockets/CMakeFiles/CMakeTmp/CheckIncludeFile.c
Linking C executable cmTC_94e90
/usr/bin/cmake -E cmake_link_script CMakeFiles/cmTC_94e90.dir/link.txt --verbose=1
/home/physiii/esp/xtensa-esp32-elf/bin/../bin/xtensa-esp32-elf-gcc  -nostdlib -Wall -Werror 	-I/home/physiii/circuits/smart-regulator/code/build/include 	-I/home/physiii/esp/esp-idf/components/mdns/include 	-I/home/physiii/esp/esp-idf/components/driver/include 	-I/home/physiii/esp/esp-idf/components/spi_flash/include 	-I/home/physiii/esp/esp-idf/components/nvs_flash/include 	-I/home/physiii/esp/esp-idf/components/tcpip_adapter/include 	-I/home/physiii/esp/esp-idf/components/lwip/include/lwip/posix 	-I/home/physiii/esp/esp-idf/components/lwip/include/lwip 	-I/home/physiii/esp/esp-idf/components/lwip/include/lwip/port 	-I/home/physiii/esp/esp-idf/components/esp32/include/ 	-I/home/physiii/esp/esp-idf/components/bootloader_support/include/ 	-I/home/physiii/esp/esp-idf/components/app_update/include/ 	-I$(IDF_PATH)/components/soc/esp32/include/ 	-std=gnu99 -Os -ggdb -ffunction-sections -fdata-sections -fstrict-volatile-bitfields -mlongcalls -nostdlib -Wall -Werror=all -Wno-error=unused-function -Wno-error=unused-but-set-variable -Wno-error=unused-variable -Wno-error=deprecated-declarations -Wextra -Wno-unused-parameter -Wno-sign-compare -Wno-old-style-declaration -DWITH_POSIX -DMBEDTLS_CONFIG_FILE='mbedtls/esp_config.h' -DHAVE_CONFIG_H -I/home/physiii/circuits/smart-regulator/code/components/libwebsockets/plugins  -DLWS_IS_FACTORY_APPLICATION=0 -DNDEBUG=1 -Os 	-I/home/physiii/esp/esp-idf/components/nvs_flash/test_nvs_host 	-I/home/physiii/esp/esp-idf/components/freertos/include     CMakeFiles/cmTC_94e90.dir/CheckIncludeFile.c.o  -o cmTC_94e90  
/home/physiii/esp/xtensa-esp32-elf/bin/../lib/gcc/xtensa-esp32-elf/5.2.0/../../../../xtensa-esp32-elf/bin/ld: warning: cannot find entry symbol _start; defaulting to 0000000000400054
make[3]: Leaving directory '/home/physiii/circuits/smart-regulator/code/build/libwebsockets/CMakeFiles/CMakeTmp'
make[2]: Leaving directory '/home/physiii/circuits/smart-regulator/code/build/libwebsockets/CMakeFiles/CMakeTmp'


Determining if the include file stdint.h exists passed with the following output:
Change Dir: /home/physiii/circuits/smart-regulator/code/build/libwebsockets/CMakeFiles/CMakeTmp

Run Build Command:"/usr/bin/make" "cmTC_d1573/fast"
make[2]: Entering directory '/home/physiii/circuits/smart-regulator/code/build/libwebsockets/CMakeFiles/CMakeTmp'
/usr/bin/make -f CMakeFiles/cmTC_d1573.dir/build.make CMakeFiles/cmTC_d1573.dir/build
make[3]: Entering directory '/home/physiii/circuits/smart-regulator/code/build/libwebsockets/CMakeFiles/CMakeTmp'
Building C object CMakeFiles/cmTC_d1573.dir/CheckIncludeFile.c.o
/home/physiii/esp/xtensa-esp32-elf/bin/../bin/xtensa-esp32-elf-gcc  -DKEYWORD=__inline  -nostdlib -Wall -Werror 	-I/home/physiii/circuits/smart-regulator/code/build/include 	-I/home/physiii/esp/esp-idf/components/mdns/include 	-I/home/physiii/esp/esp-idf/components/driver/include 	-I/home/physiii/esp/esp-idf/components/spi_flash/include 	-I/home/physiii/esp/esp-idf/components/nvs_flash/include 	-I/home/physiii/esp/esp-idf/components/tcpip_adapter/include 	-I/home/physiii/esp/esp-idf/components/lwip/include/lwip/posix 	-I/home/physiii/esp/esp-idf/components/lwip/include/lwip 	-I/home/physiii/esp/esp-idf/components/lwip/include/lwip/port 	-I/home/physiii/esp/esp-idf/components/esp32/include/ 	-I/home/physiii/esp/esp-idf/components/bootloader_support/include/ 	-I/home/physiii/esp/esp-idf/components/app_update/include/ 	-I/home/physiii/esp/esp-idf/components/soc/esp32/include/ 	-std=gnu99 -Os -ggdb -ffunction-sections -fdata-sections -fstrict-volatile-bitfields -mlongcalls -nostdlib -Wall -Werror=all -Wno-error=unused-function -Wno-error=unused-but-set-variable -Wno-error=unused-variable -Wno-error=deprecated-declarations -Wextra -Wno-unused-parameter -Wno-sign-compare -Wno-old-style-declaration -DWITH_POSIX -DMBEDTLS_CONFIG_FILE='mbedtls/esp_config.h' -DHAVE_CONFIG_H -I/home/physiii/circuits/smart-regulator/code/components/libwebsockets/plugins  -DLWS_IS_FACTORY_APPLICATION=0 -DNDEBUG=1 -Os 	-I/home/physiii/esp/esp-idf/components/nvs_flash/test_nvs_host 	-I/home/physiii/esp/esp-idf/components/freertos/include    -o CMakeFiles/cmTC_d1573.dir/CheckIncludeFile.c.o   -c /home/physiii/circuits/smart-regulator/code/build/libwebsockets/CMakeFiles/CMakeTmp/CheckIncludeFile.c
Linking C executable cmTC_d1573
/usr/bin/cmake -E cmake_link_script CMakeFiles/cmTC_d1573.dir/link.txt --verbose=1
/home/physiii/esp/xtensa-esp32-elf/bin/../bin/xtensa-esp32-elf-gcc  -nostdlib -Wall -Werror 	-I/home/physiii/circuits/smart-regulator/code/build/include 	-I/home/physiii/esp/esp-idf/components/mdns/include 	-I/home/physiii/esp/esp-idf/components/driver/include 	-I/home/physiii/esp/esp-idf/components/spi_flash/include 	-I/home/physiii/esp/esp-idf/components/nvs_flash/include 	-I/home/physiii/esp/esp-idf/components/tcpip_adapter/include 	-I/home/physiii/esp/esp-idf/components/lwip/include/lwip/posix 	-I/home/physiii/esp/esp-idf/components/lwip/include/lwip 	-I/home/physiii/esp/esp-idf/components/lwip/include/lwip/port 	-I/home/physiii/esp/esp-idf/components/esp32/include/ 	-I/home/physiii/esp/esp-idf/components/bootloader_support/include/ 	-I/home/physiii/esp/esp-idf/components/app_update/include/ 	-I$(IDF_PATH)/components/soc/esp32/include/ 	-std=gnu99 -Os -ggdb -ffunction-sections -fdata-sections -fstrict-volatile-bitfields -mlongcalls -nostdlib -Wall -Werror=all -Wno-error=unused-function -Wno-error=unused-but-set-variable -Wno-error=unused-variable -Wno-error=deprecated-declarations -Wextra -Wno-unused-parameter -Wno-sign-compare -Wno-old-style-declaration -DWITH_POSIX -DMBEDTLS_CONFIG_FILE='mbedtls/esp_config.h' -DHAVE_CONFIG_H -I/home/physiii/circuits/smart-regulator/code/components/libwebsockets/plugins  -DLWS_IS_FACTORY_APPLICATION=0 -DNDEBUG=1 -Os 	-I/home/physiii/esp/esp-idf/components/nvs_flash/test_nvs_host 	-I/home/physiii/esp/esp-idf/components/freertos/include     CMakeFiles/cmTC_d1573.dir/CheckIncludeFile.c.o  -o cmTC_d1573  
/home/physiii/esp/xtensa-esp32-elf/bin/../lib/gcc/xtensa-esp32-elf/5.2.0/../../../../xtensa-esp32-elf/bin/ld: warning: cannot find entry symbol _start; defaulting to 0000000000400054
make[3]: Leaving directory '/home/physiii/circuits/smart-regulator/code/build/libwebsockets/CMakeFiles/CMakeTmp'
make[2]: Leaving directory '/home/physiii/circuits/smart-regulator/code/build/libwebsockets/CMakeFiles/CMakeTmp'


Determining if the include file stdlib.h exists passed with the following output:
Change Dir: /home/physiii/circuits/smart-regulator/code/build/libwebsockets/CMakeFiles/CMakeTmp

Run Build Command:"/usr/bin/make" "cmTC_dd7b3/fast"
make[2]: Entering directory '/home/physiii/circuits/smart-regulator/code/build/libwebsockets/CMakeFiles/CMakeTmp'
/usr/bin/make -f CMakeFiles/cmTC_dd7b3.dir/build.make CMakeFiles/cmTC_dd7b3.dir/build
make[3]: Entering directory '/home/physiii/circuits/smart-regulator/code/build/libwebsockets/CMakeFiles/CMakeTmp'
Building C object CMakeFiles/cmTC_dd7b3.dir/CheckIncludeFile.c.o
/home/physiii/esp/xtensa-esp32-elf/bin/../bin/xtensa-esp32-elf-gcc  -DKEYWORD=__inline  -nostdlib -Wall -Werror 	-I/home/physiii/circuits/smart-regulator/code/build/include 	-I/home/physiii/esp/esp-idf/components/mdns/include 	-I/home/physiii/esp/esp-idf/components/driver/include 	-I/home/physiii/esp/esp-idf/components/spi_flash/include 	-I/home/physiii/esp/esp-idf/components/nvs_flash/include 	-I/home/physiii/esp/esp-idf/components/tcpip_adapter/include 	-I/home/physiii/esp/esp-idf/components/lwip/include/lwip/posix 	-I/home/physiii/esp/esp-idf/components/lwip/include/lwip 	-I/home/physiii/esp/esp-idf/components/lwip/include/lwip/port 	-I/home/physiii/esp/esp-idf/components/esp32/include/ 	-I/home/physiii/esp/esp-idf/components/bootloader_support/include/ 	-I/home/physiii/esp/esp-idf/components/app_update/include/ 	-I/home/physiii/esp/esp-idf/components/soc/esp32/include/ 	-std=gnu99 -Os -ggdb -ffunction-sections -fdata-sections -fstrict-volatile-bitfields -mlongcalls -nostdlib -Wall -Werror=all -Wno-error=unused-function -Wno-error=unused-but-set-variable -Wno-error=unused-variable -Wno-error=deprecated-declarations -Wextra -Wno-unused-parameter -Wno-sign-compare -Wno-old-style-declaration -DWITH_POSIX -DMBEDTLS_CONFIG_FILE='mbedtls/esp_config.h' -DHAVE_CONFIG_H -I/home/physiii/circuits/smart-regulator/code/components/libwebsockets/plugins  -DLWS_IS_FACTORY_APPLICATION=0 -DNDEBUG=1 -Os 	-I/home/physiii/esp/esp-idf/components/nvs_flash/test_nvs_host 	-I/home/physiii/esp/esp-idf/components/freertos/include    -o CMakeFiles/cmTC_dd7b3.dir/CheckIncludeFile.c.o   -c /home/physiii/circuits/smart-regulator/code/build/libwebsockets/CMakeFiles/CMakeTmp/CheckIncludeFile.c
Linking C executable cmTC_dd7b3
/usr/bin/cmake -E cmake_link_script CMakeFiles/cmTC_dd7b3.dir/link.txt --verbose=1
/home/physiii/esp/xtensa-esp32-elf/bin/../bin/xtensa-esp32-elf-gcc  -nostdlib -Wall -Werror 	-I/home/physiii/circuits/smart-regulator/code/build/include 	-I/home/physiii/esp/esp-idf/components/mdns/include 	-I/home/physiii/esp/esp-idf/components/driver/include 	-I/home/physiii/esp/esp-idf/components/spi_flash/include 	-I/home/physiii/esp/esp-idf/components/nvs_flash/include 	-I/home/physiii/esp/esp-idf/components/tcpip_adapter/include 	-I/home/physiii/esp/esp-idf/components/lwip/include/lwip/posix 	-I/home/physiii/esp/esp-idf/components/lwip/include/lwip 	-I/home/physiii/esp/esp-idf/components/lwip/include/lwip/port 	-I/home/physiii/esp/esp-idf/components/esp32/include/ 	-I/home/physiii/esp/esp-idf/components/bootloader_support/include/ 	-I/home/physiii/esp/esp-idf/components/app_update/include/ 	-I$(IDF_PATH)/components/soc/esp32/include/ 	-std=gnu99 -Os -ggdb -ffunction-sections -fdata-sections -fstrict-volatile-bitfields -mlongcalls -nostdlib -Wall -Werror=all -Wno-error=unused-function -Wno-error=unused-but-set-variable -Wno-error=unused-variable -Wno-error=deprecated-declarations -Wextra -Wno-unused-parameter -Wno-sign-compare -Wno-old-style-declaration -DWITH_POSIX -DMBEDTLS_CONFIG_FILE='mbedtls/esp_config.h' -DHAVE_CONFIG_H -I/home/physiii/circuits/smart-regulator/code/components/libwebsockets/plugins  -DLWS_IS_FACTORY_APPLICATION=0 -DNDEBUG=1 -Os 	-I/home/physiii/esp/esp-idf/components/nvs_flash/test_nvs_host 	-I/home/physiii/esp/esp-idf/components/freertos/include     CMakeFiles/cmTC_dd7b3.dir/CheckIncludeFile.c.o  -o cmTC_dd7b3  
/home/physiii/esp/xtensa-esp32-elf/bin/../lib/gcc/xtensa-esp32-elf/5.2.0/../../../../xtensa-esp32-elf/bin/ld: warning: cannot find entry symbol _start; defaulting to 0000000000400054
make[3]: Leaving directory '/home/physiii/circuits/smart-regulator/code/build/libwebsockets/CMakeFiles/CMakeTmp'
make[2]: Leaving directory '/home/physiii/circuits/smart-regulator/code/build/libwebsockets/CMakeFiles/CMakeTmp'


Determining if the include file strings.h exists passed with the following output:
Change Dir: /home/physiii/circuits/smart-regulator/code/build/libwebsockets/CMakeFiles/CMakeTmp

Run Build Command:"/usr/bin/make" "cmTC_212c1/fast"
make[2]: Entering directory '/home/physiii/circuits/smart-regulator/code/build/libwebsockets/CMakeFiles/CMakeTmp'
/usr/bin/make -f CMakeFiles/cmTC_212c1.dir/build.make CMakeFiles/cmTC_212c1.dir/build
make[3]: Entering directory '/home/physiii/circuits/smart-regulator/code/build/libwebsockets/CMakeFiles/CMakeTmp'
Building C object CMakeFiles/cmTC_212c1.dir/CheckIncludeFile.c.o
/home/physiii/esp/xtensa-esp32-elf/bin/../bin/xtensa-esp32-elf-gcc  -DKEYWORD=__inline  -nostdlib -Wall -Werror 	-I/home/physiii/circuits/smart-regulator/code/build/include 	-I/home/physiii/esp/esp-idf/components/mdns/include 	-I/home/physiii/esp/esp-idf/components/driver/include 	-I/home/physiii/esp/esp-idf/components/spi_flash/include 	-I/home/physiii/esp/esp-idf/components/nvs_flash/include 	-I/home/physiii/esp/esp-idf/components/tcpip_adapter/include 	-I/home/physiii/esp/esp-idf/components/lwip/include/lwip/posix 	-I/home/physiii/esp/esp-idf/components/lwip/include/lwip 	-I/home/physiii/esp/esp-idf/components/lwip/include/lwip/port 	-I/home/physiii/esp/esp-idf/components/esp32/include/ 	-I/home/physiii/esp/esp-idf/components/bootloader_support/include/ 	-I/home/physiii/esp/esp-idf/components/app_update/include/ 	-I/home/physiii/esp/esp-idf/components/soc/esp32/include/ 	-std=gnu99 -Os -ggdb -ffunction-sections -fdata-sections -fstrict-volatile-bitfields -mlongcalls -nostdlib -Wall -Werror=all -Wno-error=unused-function -Wno-error=unused-but-set-variable -Wno-error=unused-variable -Wno-error=deprecated-declarations -Wextra -Wno-unused-parameter -Wno-sign-compare -Wno-old-style-declaration -DWITH_POSIX -DMBEDTLS_CONFIG_FILE='mbedtls/esp_config.h' -DHAVE_CONFIG_H -I/home/physiii/circuits/smart-regulator/code/components/libwebsockets/plugins  -DLWS_IS_FACTORY_APPLICATION=0 -DNDEBUG=1 -Os 	-I/home/physiii/esp/esp-idf/components/nvs_flash/test_nvs_host 	-I/home/physiii/esp/esp-idf/components/freertos/include    -o CMakeFiles/cmTC_212c1.dir/CheckIncludeFile.c.o   -c /home/physiii/circuits/smart-regulator/code/build/libwebsockets/CMakeFiles/CMakeTmp/CheckIncludeFile.c
Linking C executable cmTC_212c1
/usr/bin/cmake -E cmake_link_script CMakeFiles/cmTC_212c1.dir/link.txt --verbose=1
/home/physiii/esp/xtensa-esp32-elf/bin/../bin/xtensa-esp32-elf-gcc  -nostdlib -Wall -Werror 	-I/home/physiii/circuits/smart-regulator/code/build/include 	-I/home/physiii/esp/esp-idf/components/mdns/include 	-I/home/physiii/esp/esp-idf/components/driver/include 	-I/home/physiii/esp/esp-idf/components/spi_flash/include 	-I/home/physiii/esp/esp-idf/components/nvs_flash/include 	-I/home/physiii/esp/esp-idf/components/tcpip_adapter/include 	-I/home/physiii/esp/esp-idf/components/lwip/include/lwip/posix 	-I/home/physiii/esp/esp-idf/components/lwip/include/lwip 	-I/home/physiii/esp/esp-idf/components/lwip/include/lwip/port 	-I/home/physiii/esp/esp-idf/components/esp32/include/ 	-I/home/physiii/esp/esp-idf/components/bootloader_support/include/ 	-I/home/physiii/esp/esp-idf/components/app_update/include/ 	-I$(IDF_PATH)/components/soc/esp32/include/ 	-std=gnu99 -Os -ggdb -ffunction-sections -fdata-sections -fstrict-volatile-bitfields -mlongcalls -nostdlib -Wall -Werror=all -Wno-error=unused-function -Wno-error=unused-but-set-variable -Wno-error=unused-variable -Wno-error=deprecated-declarations -Wextra -Wno-unused-parameter -Wno-sign-compare -Wno-old-style-declaration -DWITH_POSIX -DMBEDTLS_CONFIG_FILE='mbedtls/esp_config.h' -DHAVE_CONFIG_H -I/home/physiii/circuits/smart-regulator/code/components/libwebsockets/plugins  -DLWS_IS_FACTORY_APPLICATION=0 -DNDEBUG=1 -Os 	-I/home/physiii/esp/esp-idf/components/nvs_flash/test_nvs_host 	-I/home/physiii/esp/esp-idf/components/freertos/include     CMakeFiles/cmTC_212c1.dir/CheckIncludeFile.c.o  -o cmTC_212c1  
/home/physiii/esp/xtensa-esp32-elf/bin/../lib/gcc/xtensa-esp32-elf/5.2.0/../../../../xtensa-esp32-elf/bin/ld: warning: cannot find entry symbol _start; defaulting to 0000000000400054
make[3]: Leaving directory '/home/physiii/circuits/smart-regulator/code/build/libwebsockets/CMakeFiles/CMakeTmp'
make[2]: Leaving directory '/home/physiii/circuits/smart-regulator/code/build/libwebsockets/CMakeFiles/CMakeTmp'


Determining if the include file string.h exists passed with the following output:
Change Dir: /home/physiii/circuits/smart-regulator/code/build/libwebsockets/CMakeFiles/CMakeTmp

Run Build Command:"/usr/bin/make" "cmTC_3033c/fast"
make[2]: Entering directory '/home/physiii/circuits/smart-regulator/code/build/libwebsockets/CMakeFiles/CMakeTmp'
/usr/bin/make -f CMakeFiles/cmTC_3033c.dir/build.make CMakeFiles/cmTC_3033c.dir/build
make[3]: Entering directory '/home/physiii/circuits/smart-regulator/code/build/libwebsockets/CMakeFiles/CMakeTmp'
Building C object CMakeFiles/cmTC_3033c.dir/CheckIncludeFile.c.o
/home/physiii/esp/xtensa-esp32-elf/bin/../bin/xtensa-esp32-elf-gcc  -DKEYWORD=__inline  -nostdlib -Wall -Werror 	-I/home/physiii/circuits/smart-regulator/code/build/include 	-I/home/physiii/esp/esp-idf/components/mdns/include 	-I/home/physiii/esp/esp-idf/components/driver/include 	-I/home/physiii/esp/esp-idf/components/spi_flash/include 	-I/home/physiii/esp/esp-idf/components/nvs_flash/include 	-I/home/physiii/esp/esp-idf/components/tcpip_adapter/include 	-I/home/physiii/esp/esp-idf/components/lwip/include/lwip/posix 	-I/home/physiii/esp/esp-idf/components/lwip/include/lwip 	-I/home/physiii/esp/esp-idf/components/lwip/include/lwip/port 	-I/home/physiii/esp/esp-idf/components/esp32/include/ 	-I/home/physiii/esp/esp-idf/components/bootloader_support/include/ 	-I/home/physiii/esp/esp-idf/components/app_update/include/ 	-I/home/physiii/esp/esp-idf/components/soc/esp32/include/ 	-std=gnu99 -Os -ggdb -ffunction-sections -fdata-sections -fstrict-volatile-bitfields -mlongcalls -nostdlib -Wall -Werror=all -Wno-error=unused-function -Wno-error=unused-but-set-variable -Wno-error=unused-variable -Wno-error=deprecated-declarations -Wextra -Wno-unused-parameter -Wno-sign-compare -Wno-old-style-declaration -DWITH_POSIX -DMBEDTLS_CONFIG_FILE='mbedtls/esp_config.h' -DHAVE_CONFIG_H -I/home/physiii/circuits/smart-regulator/code/components/libwebsockets/plugins  -DLWS_IS_FACTORY_APPLICATION=0 -DNDEBUG=1 -Os 	-I/home/physiii/esp/esp-idf/components/nvs_flash/test_nvs_host 	-I/home/physiii/esp/esp-idf/components/freertos/include    -o CMakeFiles/cmTC_3033c.dir/CheckIncludeFile.c.o   -c /home/physiii/circuits/smart-regulator/code/build/libwebsockets/CMakeFiles/CMakeTmp/CheckIncludeFile.c
Linking C executable cmTC_3033c
/usr/bin/cmake -E cmake_link_script CMakeFiles/cmTC_3033c.dir/link.txt --verbose=1
/home/physiii/esp/xtensa-esp32-elf/bin/../bin/xtensa-esp32-elf-gcc  -nostdlib -Wall -Werror 	-I/home/physiii/circuits/smart-regulator/code/build/include 	-I/home/physiii/esp/esp-idf/components/mdns/include 	-I/home/physiii/esp/esp-idf/components/driver/include 	-I/home/physiii/esp/esp-idf/components/spi_flash/include 	-I/home/physiii/esp/esp-idf/components/nvs_flash/include 	-I/home/physiii/esp/esp-idf/components/tcpip_adapter/include 	-I/home/physiii/esp/esp-idf/components/lwip/include/lwip/posix 	-I/home/physiii/esp/esp-idf/components/lwip/include/lwip 	-I/home/physiii/esp/esp-idf/components/lwip/include/lwip/port 	-I/home/physiii/esp/esp-idf/components/esp32/include/ 	-I/home/physiii/esp/esp-idf/components/bootloader_support/include/ 	-I/home/physiii/esp/esp-idf/components/app_update/include/ 	-I$(IDF_PATH)/components/soc/esp32/include/ 	-std=gnu99 -Os -ggdb -ffunction-sections -fdata-sections -fstrict-volatile-bitfields -mlongcalls -nostdlib -Wall -Werror=all -Wno-error=unused-function -Wno-error=unused-but-set-variable -Wno-error=unused-variable -Wno-error=deprecated-declarations -Wextra -Wno-unused-parameter -Wno-sign-compare -Wno-old-style-declaration -DWITH_POSIX -DMBEDTLS_CONFIG_FILE='mbedtls/esp_config.h' -DHAVE_CONFIG_H -I/home/physiii/circuits/smart-regulator/code/components/libwebsockets/plugins  -DLWS_IS_FACTORY_APPLICATION=0 -DNDEBUG=1 -Os 	-I/home/physiii/esp/esp-idf/components/nvs_flash/test_nvs_host 	-I/home/physiii/esp/esp-idf/components/freertos/include     CMakeFiles/cmTC_3033c.dir/CheckIncludeFile.c.o  -o cmTC_3033c  
/home/physiii/esp/xtensa-esp32-elf/bin/../lib/gcc/xtensa-esp32-elf/5.2.0/../../../../xtensa-esp32-elf/bin/ld: warning: cannot find entry symbol _start; defaulting to 0000000000400054
make[3]: Leaving directory '/home/physiii/circuits/smart-regulator/code/build/libwebsockets/CMakeFiles/CMakeTmp'
make[2]: Leaving directory '/home/physiii/circuits/smart-regulator/code/build/libwebsockets/CMakeFiles/CMakeTmp'


Determining if the include file sys/socket.h exists passed with the following output:
Change Dir: /home/physiii/circuits/smart-regulator/code/build/libwebsockets/CMakeFiles/CMakeTmp

Run Build Command:"/usr/bin/make" "cmTC_42bc3/fast"
make[2]: Entering directory '/home/physiii/circuits/smart-regulator/code/build/libwebsockets/CMakeFiles/CMakeTmp'
/usr/bin/make -f CMakeFiles/cmTC_42bc3.dir/build.make CMakeFiles/cmTC_42bc3.dir/build
make[3]: Entering directory '/home/physiii/circuits/smart-regulator/code/build/libwebsockets/CMakeFiles/CMakeTmp'
Building C object CMakeFiles/cmTC_42bc3.dir/CheckIncludeFile.c.o
/home/physiii/esp/xtensa-esp32-elf/bin/../bin/xtensa-esp32-elf-gcc  -DKEYWORD=__inline  -nostdlib -Wall -Werror 	-I/home/physiii/circuits/smart-regulator/code/build/include 	-I/home/physiii/esp/esp-idf/components/mdns/include 	-I/home/physiii/esp/esp-idf/components/driver/include 	-I/home/physiii/esp/esp-idf/components/spi_flash/include 	-I/home/physiii/esp/esp-idf/components/nvs_flash/include 	-I/home/physiii/esp/esp-idf/components/tcpip_adapter/include 	-I/home/physiii/esp/esp-idf/components/lwip/include/lwip/posix 	-I/home/physiii/esp/esp-idf/components/lwip/include/lwip 	-I/home/physiii/esp/esp-idf/components/lwip/include/lwip/port 	-I/home/physiii/esp/esp-idf/components/esp32/include/ 	-I/home/physiii/esp/esp-idf/components/bootloader_support/include/ 	-I/home/physiii/esp/esp-idf/components/app_update/include/ 	-I/home/physiii/esp/esp-idf/components/soc/esp32/include/ 	-std=gnu99 -Os -ggdb -ffunction-sections -fdata-sections -fstrict-volatile-bitfields -mlongcalls -nostdlib -Wall -Werror=all -Wno-error=unused-function -Wno-error=unused-but-set-variable -Wno-error=unused-variable -Wno-error=deprecated-declarations -Wextra -Wno-unused-parameter -Wno-sign-compare -Wno-old-style-declaration -DWITH_POSIX -DMBEDTLS_CONFIG_FILE='mbedtls/esp_config.h' -DHAVE_CONFIG_H -I/home/physiii/circuits/smart-regulator/code/components/libwebsockets/plugins  -DLWS_IS_FACTORY_APPLICATION=0 -DNDEBUG=1 -Os 	-I/home/physiii/esp/esp-idf/components/nvs_flash/test_nvs_host 	-I/home/physiii/esp/esp-idf/components/freertos/include    -o CMakeFiles/cmTC_42bc3.dir/CheckIncludeFile.c.o   -c /home/physiii/circuits/smart-regulator/code/build/libwebsockets/CMakeFiles/CMakeTmp/CheckIncludeFile.c
Linking C executable cmTC_42bc3
/usr/bin/cmake -E cmake_link_script CMakeFiles/cmTC_42bc3.dir/link.txt --verbose=1
/home/physiii/esp/xtensa-esp32-elf/bin/../bin/xtensa-esp32-elf-gcc  -nostdlib -Wall -Werror 	-I/home/physiii/circuits/smart-regulator/code/build/include 	-I/home/physiii/esp/esp-idf/components/mdns/include 	-I/home/physiii/esp/esp-idf/components/driver/include 	-I/home/physiii/esp/esp-idf/components/spi_flash/include 	-I/home/physiii/esp/esp-idf/components/nvs_flash/include 	-I/home/physiii/esp/esp-idf/components/tcpip_adapter/include 	-I/home/physiii/esp/esp-idf/components/lwip/include/lwip/posix 	-I/home/physiii/esp/esp-idf/components/lwip/include/lwip 	-I/home/physiii/esp/esp-idf/components/lwip/include/lwip/port 	-I/home/physiii/esp/esp-idf/components/esp32/include/ 	-I/home/physiii/esp/esp-idf/components/bootloader_support/include/ 	-I/home/physiii/esp/esp-idf/components/app_update/include/ 	-I$(IDF_PATH)/components/soc/esp32/include/ 	-std=gnu99 -Os -ggdb -ffunction-sections -fdata-sections -fstrict-volatile-bitfields -mlongcalls -nostdlib -Wall -Werror=all -Wno-error=unused-function -Wno-error=unused-but-set-variable -Wno-error=unused-variable -Wno-error=deprecated-declarations -Wextra -Wno-unused-parameter -Wno-sign-compare -Wno-old-style-declaration -DWITH_POSIX -DMBEDTLS_CONFIG_FILE='mbedtls/esp_config.h' -DHAVE_CONFIG_H -I/home/physiii/circuits/smart-regulator/code/components/libwebsockets/plugins  -DLWS_IS_FACTORY_APPLICATION=0 -DNDEBUG=1 -Os 	-I/home/physiii/esp/esp-idf/components/nvs_flash/test_nvs_host 	-I/home/physiii/esp/esp-idf/components/freertos/include     CMakeFiles/cmTC_42bc3.dir/CheckIncludeFile.c.o  -o cmTC_42bc3  
/home/physiii/esp/xtensa-esp32-elf/bin/../lib/gcc/xtensa-esp32-elf/5.2.0/../../../../xtensa-esp32-elf/bin/ld: warning: cannot find entry symbol _start; defaulting to 0000000000400054
make[3]: Leaving directory '/home/physiii/circuits/smart-regulator/code/build/libwebsockets/CMakeFiles/CMakeTmp'
make[2]: Leaving directory '/home/physiii/circuits/smart-regulator/code/build/libwebsockets/CMakeFiles/CMakeTmp'


Determining if the include file sys/stat.h exists passed with the following output:
Change Dir: /home/physiii/circuits/smart-regulator/code/build/libwebsockets/CMakeFiles/CMakeTmp

Run Build Command:"/usr/bin/make" "cmTC_6d2ec/fast"
make[2]: Entering directory '/home/physiii/circuits/smart-regulator/code/build/libwebsockets/CMakeFiles/CMakeTmp'
/usr/bin/make -f CMakeFiles/cmTC_6d2ec.dir/build.make CMakeFiles/cmTC_6d2ec.dir/build
make[3]: Entering directory '/home/physiii/circuits/smart-regulator/code/build/libwebsockets/CMakeFiles/CMakeTmp'
Building C object CMakeFiles/cmTC_6d2ec.dir/CheckIncludeFile.c.o
/home/physiii/esp/xtensa-esp32-elf/bin/../bin/xtensa-esp32-elf-gcc  -DKEYWORD=__inline  -nostdlib -Wall -Werror 	-I/home/physiii/circuits/smart-regulator/code/build/include 	-I/home/physiii/esp/esp-idf/components/mdns/include 	-I/home/physiii/esp/esp-idf/components/driver/include 	-I/home/physiii/esp/esp-idf/components/spi_flash/include 	-I/home/physiii/esp/esp-idf/components/nvs_flash/include 	-I/home/physiii/esp/esp-idf/components/tcpip_adapter/include 	-I/home/physiii/esp/esp-idf/components/lwip/include/lwip/posix 	-I/home/physiii/esp/esp-idf/components/lwip/include/lwip 	-I/home/physiii/esp/esp-idf/components/lwip/include/lwip/port 	-I/home/physiii/esp/esp-idf/components/esp32/include/ 	-I/home/physiii/esp/esp-idf/components/bootloader_support/include/ 	-I/home/physiii/esp/esp-idf/components/app_update/include/ 	-I/home/physiii/esp/esp-idf/components/soc/esp32/include/ 	-std=gnu99 -Os -ggdb -ffunction-sections -fdata-sections -fstrict-volatile-bitfields -mlongcalls -nostdlib -Wall -Werror=all -Wno-error=unused-function -Wno-error=unused-but-set-variable -Wno-error=unused-variable -Wno-error=deprecated-declarations -Wextra -Wno-unused-parameter -Wno-sign-compare -Wno-old-style-declaration -DWITH_POSIX -DMBEDTLS_CONFIG_FILE='mbedtls/esp_config.h' -DHAVE_CONFIG_H -I/home/physiii/circuits/smart-regulator/code/components/libwebsockets/plugins  -DLWS_IS_FACTORY_APPLICATION=0 -DNDEBUG=1 -Os 	-I/home/physiii/esp/esp-idf/components/nvs_flash/test_nvs_host 	-I/home/physiii/esp/esp-idf/components/freertos/include    -o CMakeFiles/cmTC_6d2ec.dir/CheckIncludeFile.c.o   -c /home/physiii/circuits/smart-regulator/code/build/libwebsockets/CMakeFiles/CMakeTmp/CheckIncludeFile.c
Linking C executable cmTC_6d2ec
/usr/bin/cmake -E cmake_link_script CMakeFiles/cmTC_6d2ec.dir/link.txt --verbose=1
/home/physiii/esp/xtensa-esp32-elf/bin/../bin/xtensa-esp32-elf-gcc  -nostdlib -Wall -Werror 	-I/home/physiii/circuits/smart-regulator/code/build/include 	-I/home/physiii/esp/esp-idf/components/mdns/include 	-I/home/physiii/esp/esp-idf/components/driver/include 	-I/home/physiii/esp/esp-idf/components/spi_flash/include 	-I/home/physiii/esp/esp-idf/components/nvs_flash/include 	-I/home/physiii/esp/esp-idf/components/tcpip_adapter/include 	-I/home/physiii/esp/esp-idf/components/lwip/include/lwip/posix 	-I/home/physiii/esp/esp-idf/components/lwip/include/lwip 	-I/home/physiii/esp/esp-idf/components/lwip/include/lwip/port 	-I/home/physiii/esp/esp-idf/components/esp32/include/ 	-I/home/physiii/esp/esp-idf/components/bootloader_support/include/ 	-I/home/physiii/esp/esp-idf/components/app_update/include/ 	-I$(IDF_PATH)/components/soc/esp32/include/ 	-std=gnu99 -Os -ggdb -ffunction-sections -fdata-sections -fstrict-volatile-bitfields -mlongcalls -nostdlib -Wall -Werror=all -Wno-error=unused-function -Wno-error=unused-but-set-variable -Wno-error=unused-variable -Wno-error=deprecated-declarations -Wextra -Wno-unused-parameter -Wno-sign-compare -Wno-old-style-declaration -DWITH_POSIX -DMBEDTLS_CONFIG_FILE='mbedtls/esp_config.h' -DHAVE_CONFIG_H -I/home/physiii/circuits/smart-regulator/code/components/libwebsockets/plugins  -DLWS_IS_FACTORY_APPLICATION=0 -DNDEBUG=1 -Os 	-I/home/physiii/esp/esp-idf/components/nvs_flash/test_nvs_host 	-I/home/physiii/esp/esp-idf/components/freertos/include     CMakeFiles/cmTC_6d2ec.dir/CheckIncludeFile.c.o  -o cmTC_6d2ec  
/home/physiii/esp/xtensa-esp32-elf/bin/../lib/gcc/xtensa-esp32-elf/5.2.0/../../../../xtensa-esp32-elf/bin/ld: warning: cannot find entry symbol _start; defaulting to 0000000000400054
make[3]: Leaving directory '/home/physiii/circuits/smart-regulator/code/build/libwebsockets/CMakeFiles/CMakeTmp'
make[2]: Leaving directory '/home/physiii/circuits/smart-regulator/code/build/libwebsockets/CMakeFiles/CMakeTmp'


Determining if the include file sys/types.h exists passed with the following output:
Change Dir: /home/physiii/circuits/smart-regulator/code/build/libwebsockets/CMakeFiles/CMakeTmp

Run Build Command:"/usr/bin/make" "cmTC_f20b9/fast"
make[2]: Entering directory '/home/physiii/circuits/smart-regulator/code/build/libwebsockets/CMakeFiles/CMakeTmp'
/usr/bin/make -f CMakeFiles/cmTC_f20b9.dir/build.make CMakeFiles/cmTC_f20b9.dir/build
make[3]: Entering directory '/home/physiii/circuits/smart-regulator/code/build/libwebsockets/CMakeFiles/CMakeTmp'
Building C object CMakeFiles/cmTC_f20b9.dir/CheckIncludeFile.c.o
/home/physiii/esp/xtensa-esp32-elf/bin/../bin/xtensa-esp32-elf-gcc  -DKEYWORD=__inline  -nostdlib -Wall -Werror 	-I/home/physiii/circuits/smart-regulator/code/build/include 	-I/home/physiii/esp/esp-idf/components/mdns/include 	-I/home/physiii/esp/esp-idf/components/driver/include 	-I/home/physiii/esp/esp-idf/components/spi_flash/include 	-I/home/physiii/esp/esp-idf/components/nvs_flash/include 	-I/home/physiii/esp/esp-idf/components/tcpip_adapter/include 	-I/home/physiii/esp/esp-idf/components/lwip/include/lwip/posix 	-I/home/physiii/esp/esp-idf/components/lwip/include/lwip 	-I/home/physiii/esp/esp-idf/components/lwip/include/lwip/port 	-I/home/physiii/esp/esp-idf/components/esp32/include/ 	-I/home/physiii/esp/esp-idf/components/bootloader_support/include/ 	-I/home/physiii/esp/esp-idf/components/app_update/include/ 	-I/home/physiii/esp/esp-idf/components/soc/esp32/include/ 	-std=gnu99 -Os -ggdb -ffunction-sections -fdata-sections -fstrict-volatile-bitfields -mlongcalls -nostdlib -Wall -Werror=all -Wno-error=unused-function -Wno-error=unused-but-set-variable -Wno-error=unused-variable -Wno-error=deprecated-declarations -Wextra -Wno-unused-parameter -Wno-sign-compare -Wno-old-style-declaration -DWITH_POSIX -DMBEDTLS_CONFIG_FILE='mbedtls/esp_config.h' -DHAVE_CONFIG_H -I/home/physiii/circuits/smart-regulator/code/components/libwebsockets/plugins  -DLWS_IS_FACTORY_APPLICATION=0 -DNDEBUG=1 -Os 	-I/home/physiii/esp/esp-idf/components/nvs_flash/test_nvs_host 	-I/home/physiii/esp/esp-idf/components/freertos/include    -o CMakeFiles/cmTC_f20b9.dir/CheckIncludeFile.c.o   -c /home/physiii/circuits/smart-regulator/code/build/libwebsockets/CMakeFiles/CMakeTmp/CheckIncludeFile.c
Linking C executable cmTC_f20b9
/usr/bin/cmake -E cmake_link_script CMakeFiles/cmTC_f20b9.dir/link.txt --verbose=1
/home/physiii/esp/xtensa-esp32-elf/bin/../bin/xtensa-esp32-elf-gcc  -nostdlib -Wall -Werror 	-I/home/physiii/circuits/smart-regulator/code/build/include 	-I/home/physiii/esp/esp-idf/components/mdns/include 	-I/home/physiii/esp/esp-idf/components/driver/include 	-I/home/physiii/esp/esp-idf/components/spi_flash/include 	-I/home/physiii/esp/esp-idf/components/nvs_flash/include 	-I/home/physiii/esp/esp-idf/components/tcpip_adapter/include 	-I/home/physiii/esp/esp-idf/components/lwip/include/lwip/posix 	-I/home/physiii/esp/esp-idf/components/lwip/include/lwip 	-I/home/physiii/esp/esp-idf/components/lwip/include/lwip/port 	-I/home/physiii/esp/esp-idf/components/esp32/include/ 	-I/home/physiii/esp/esp-idf/components/bootloader_support/include/ 	-I/home/physiii/esp/esp-idf/components/app_update/include/ 	-I$(IDF_PATH)/components/soc/esp32/include/ 	-std=gnu99 -Os -ggdb -ffunction-sections -fdata-sections -fstrict-volatile-bitfields -mlongcalls -nostdlib -Wall -Werror=all -Wno-error=unused-function -Wno-error=unused-but-set-variable -Wno-error=unused-variable -Wno-error=deprecated-declarations -Wextra -Wno-unused-parameter -Wno-sign-compare -Wno-old-style-declaration -DWITH_POSIX -DMBEDTLS_CONFIG_FILE='mbedtls/esp_config.h' -DHAVE_CONFIG_H -I/home/physiii/circuits/smart-regulator/code/components/libwebsockets/plugins  -DLWS_IS_FACTORY_APPLICATION=0 -DNDEBUG=1 -Os 	-I/home/physiii/esp/esp-idf/components/nvs_flash/test_nvs_host 	-I/home/physiii/esp/esp-idf/components/freertos/include     CMakeFiles/cmTC_f20b9.dir/CheckIncludeFile.c.o  -o cmTC_f20b9  
/home/physiii/esp/xtensa-esp32-elf/bin/../lib/gcc/xtensa-esp32-elf/5.2.0/../../../../xtensa-esp32-elf/bin/ld: warning: cannot find entry symbol _start; defaulting to 0000000000400054
make[3]: Leaving directory '/home/physiii/circuits/smart-regulator/code/build/libwebsockets/CMakeFiles/CMakeTmp'
make[2]: Leaving directory '/home/physiii/circuits/smart-regulator/code/build/libwebsockets/CMakeFiles/CMakeTmp'


Determining if the include file unistd.h exists passed with the following output:
Change Dir: /home/physiii/circuits/smart-regulator/code/build/libwebsockets/CMakeFiles/CMakeTmp

Run Build Command:"/usr/bin/make" "cmTC_cab4b/fast"
make[2]: Entering directory '/home/physiii/circuits/smart-regulator/code/build/libwebsockets/CMakeFiles/CMakeTmp'
/usr/bin/make -f CMakeFiles/cmTC_cab4b.dir/build.make CMakeFiles/cmTC_cab4b.dir/build
make[3]: Entering directory '/home/physiii/circuits/smart-regulator/code/build/libwebsockets/CMakeFiles/CMakeTmp'
Building C object CMakeFiles/cmTC_cab4b.dir/CheckIncludeFile.c.o
/home/physiii/esp/xtensa-esp32-elf/bin/../bin/xtensa-esp32-elf-gcc  -DKEYWORD=__inline  -nostdlib -Wall -Werror 	-I/home/physiii/circuits/smart-regulator/code/build/include 	-I/home/physiii/esp/esp-idf/components/mdns/include 	-I/home/physiii/esp/esp-idf/components/driver/include 	-I/home/physiii/esp/esp-idf/components/spi_flash/include 	-I/home/physiii/esp/esp-idf/components/nvs_flash/include 	-I/home/physiii/esp/esp-idf/components/tcpip_adapter/include 	-I/home/physiii/esp/esp-idf/components/lwip/include/lwip/posix 	-I/home/physiii/esp/esp-idf/components/lwip/include/lwip 	-I/home/physiii/esp/esp-idf/components/lwip/include/lwip/port 	-I/home/physiii/esp/esp-idf/components/esp32/include/ 	-I/home/physiii/esp/esp-idf/components/bootloader_support/include/ 	-I/home/physiii/esp/esp-idf/components/app_update/include/ 	-I/home/physiii/esp/esp-idf/components/soc/esp32/include/ 	-std=gnu99 -Os -ggdb -ffunction-sections -fdata-sections -fstrict-volatile-bitfields -mlongcalls -nostdlib -Wall -Werror=all -Wno-error=unused-function -Wno-error=unused-but-set-variable -Wno-error=unused-variable -Wno-error=deprecated-declarations -Wextra -Wno-unused-parameter -Wno-sign-compare -Wno-old-style-declaration -DWITH_POSIX -DMBEDTLS_CONFIG_FILE='mbedtls/esp_config.h' -DHAVE_CONFIG_H -I/home/physiii/circuits/smart-regulator/code/components/libwebsockets/plugins  -DLWS_IS_FACTORY_APPLICATION=0 -DNDEBUG=1 -Os 	-I/home/physiii/esp/esp-idf/components/nvs_flash/test_nvs_host 	-I/home/physiii/esp/esp-idf/components/freertos/include    -o CMakeFiles/cmTC_cab4b.dir/CheckIncludeFile.c.o   -c /home/physiii/circuits/smart-regulator/code/build/libwebsockets/CMakeFiles/CMakeTmp/CheckIncludeFile.c
Linking C executable cmTC_cab4b
/usr/bin/cmake -E cmake_link_script CMakeFiles/cmTC_cab4b.dir/link.txt --verbose=1
/home/physiii/esp/xtensa-esp32-elf/bin/../bin/xtensa-esp32-elf-gcc  -nostdlib -Wall -Werror 	-I/home/physiii/circuits/smart-regulator/code/build/include 	-I/home/physiii/esp/esp-idf/components/mdns/include 	-I/home/physiii/esp/esp-idf/components/driver/include 	-I/home/physiii/esp/esp-idf/components/spi_flash/include 	-I/home/physiii/esp/esp-idf/components/nvs_flash/include 	-I/home/physiii/esp/esp-idf/components/tcpip_adapter/include 	-I/home/physiii/esp/esp-idf/components/lwip/include/lwip/posix 	-I/home/physiii/esp/esp-idf/components/lwip/include/lwip 	-I/home/physiii/esp/esp-idf/components/lwip/include/lwip/port 	-I/home/physiii/esp/esp-idf/components/esp32/include/ 	-I/home/physiii/esp/esp-idf/components/bootloader_support/include/ 	-I/home/physiii/esp/esp-idf/components/app_update/include/ 	-I$(IDF_PATH)/components/soc/esp32/include/ 	-std=gnu99 -Os -ggdb -ffunction-sections -fdata-sections -fstrict-volatile-bitfields -mlongcalls -nostdlib -Wall -Werror=all -Wno-error=unused-function -Wno-error=unused-but-set-variable -Wno-error=unused-variable -Wno-error=deprecated-declarations -Wextra -Wno-unused-parameter -Wno-sign-compare -Wno-old-style-declaration -DWITH_POSIX -DMBEDTLS_CONFIG_FILE='mbedtls/esp_config.h' -DHAVE_CONFIG_H -I/home/physiii/circuits/smart-regulator/code/components/libwebsockets/plugins  -DLWS_IS_FACTORY_APPLICATION=0 -DNDEBUG=1 -Os 	-I/home/physiii/esp/esp-idf/components/nvs_flash/test_nvs_host 	-I/home/physiii/esp/esp-idf/components/freertos/include     CMakeFiles/cmTC_cab4b.dir/CheckIncludeFile.c.o  -o cmTC_cab4b  
/home/physiii/esp/xtensa-esp32-elf/bin/../lib/gcc/xtensa-esp32-elf/5.2.0/../../../../xtensa-esp32-elf/bin/ld: warning: cannot find entry symbol _start; defaulting to 0000000000400054
make[3]: Leaving directory '/home/physiii/circuits/smart-regulator/code/build/libwebsockets/CMakeFiles/CMakeTmp'
make[2]: Leaving directory '/home/physiii/circuits/smart-regulator/code/build/libwebsockets/CMakeFiles/CMakeTmp'


Determining if files stdlib.h;stdarg.h;string.h;float.h exist passed with the following output:
Change Dir: /home/physiii/circuits/smart-regulator/code/build/libwebsockets/CMakeFiles/CMakeTmp

Run Build Command:"/usr/bin/make" "cmTC_b33e5/fast"
make[2]: Entering directory '/home/physiii/circuits/smart-regulator/code/build/libwebsockets/CMakeFiles/CMakeTmp'
/usr/bin/make -f CMakeFiles/cmTC_b33e5.dir/build.make CMakeFiles/cmTC_b33e5.dir/build
make[3]: Entering directory '/home/physiii/circuits/smart-regulator/code/build/libwebsockets/CMakeFiles/CMakeTmp'
Building C object CMakeFiles/cmTC_b33e5.dir/CheckIncludeFiles.c.o
/home/physiii/esp/xtensa-esp32-elf/bin/../bin/xtensa-esp32-elf-gcc  -DKEYWORD=__inline  -nostdlib -Wall -Werror 	-I/home/physiii/circuits/smart-regulator/code/build/include 	-I/home/physiii/esp/esp-idf/components/mdns/include 	-I/home/physiii/esp/esp-idf/components/driver/include 	-I/home/physiii/esp/esp-idf/components/spi_flash/include 	-I/home/physiii/esp/esp-idf/components/nvs_flash/include 	-I/home/physiii/esp/esp-idf/components/tcpip_adapter/include 	-I/home/physiii/esp/esp-idf/components/lwip/include/lwip/posix 	-I/home/physiii/esp/esp-idf/components/lwip/include/lwip 	-I/home/physiii/esp/esp-idf/components/lwip/include/lwip/port 	-I/home/physiii/esp/esp-idf/components/esp32/include/ 	-I/home/physiii/esp/esp-idf/components/bootloader_support/include/ 	-I/home/physiii/esp/esp-idf/components/app_update/include/ 	-I/home/physiii/esp/esp-idf/components/soc/esp32/include/ 	-std=gnu99 -Os -ggdb -ffunction-sections -fdata-sections -fstrict-volatile-bitfields -mlongcalls -nostdlib -Wall -Werror=all -Wno-error=unused-function -Wno-error=unused-but-set-variable -Wno-error=unused-variable -Wno-error=deprecated-declarations -Wextra -Wno-unused-parameter -Wno-sign-compare -Wno-old-style-declaration -DWITH_POSIX -DMBEDTLS_CONFIG_FILE='mbedtls/esp_config.h' -DHAVE_CONFIG_H -I/home/physiii/circuits/smart-regulator/code/components/libwebsockets/plugins  -DLWS_IS_FACTORY_APPLICATION=0 -DNDEBUG=1 -Os 	-I/home/physiii/esp/esp-idf/components/nvs_flash/test_nvs_host 	-I/home/physiii/esp/esp-idf/components/freertos/include    -o CMakeFiles/cmTC_b33e5.dir/CheckIncludeFiles.c.o   -c /home/physiii/circuits/smart-regulator/code/build/libwebsockets/CMakeFiles/CMakeTmp/CheckIncludeFiles.c
Linking C executable cmTC_b33e5
/usr/bin/cmake -E cmake_link_script CMakeFiles/cmTC_b33e5.dir/link.txt --verbose=1
/home/physiii/esp/xtensa-esp32-elf/bin/../bin/xtensa-esp32-elf-gcc  -nostdlib -Wall -Werror 	-I/home/physiii/circuits/smart-regulator/code/build/include 	-I/home/physiii/esp/esp-idf/components/mdns/include 	-I/home/physiii/esp/esp-idf/components/driver/include 	-I/home/physiii/esp/esp-idf/components/spi_flash/include 	-I/home/physiii/esp/esp-idf/components/nvs_flash/include 	-I/home/physiii/esp/esp-idf/components/tcpip_adapter/include 	-I/home/physiii/esp/esp-idf/components/lwip/include/lwip/posix 	-I/home/physiii/esp/esp-idf/components/lwip/include/lwip 	-I/home/physiii/esp/esp-idf/components/lwip/include/lwip/port 	-I/home/physiii/esp/esp-idf/components/esp32/include/ 	-I/home/physiii/esp/esp-idf/components/bootloader_support/include/ 	-I/home/physiii/esp/esp-idf/components/app_update/include/ 	-I$(IDF_PATH)/components/soc/esp32/include/ 	-std=gnu99 -Os -ggdb -ffunction-sections -fdata-sections -fstrict-volatile-bitfields -mlongcalls -nostdlib -Wall -Werror=all -Wno-error=unused-function -Wno-error=unused-but-set-variable -Wno-error=unused-variable -Wno-error=deprecated-declarations -Wextra -Wno-unused-parameter -Wno-sign-compare -Wno-old-style-declaration -DWITH_POSIX -DMBEDTLS_CONFIG_FILE='mbedtls/esp_config.h' -DHAVE_CONFIG_H -I/home/physiii/circuits/smart-regulator/code/components/libwebsockets/plugins  -DLWS_IS_FACTORY_APPLICATION=0 -DNDEBUG=1 -Os 	-I/home/physiii/esp/esp-idf/components/nvs_flash/test_nvs_host 	-I/home/physiii/esp/esp-idf/components/freertos/include     CMakeFiles/cmTC_b33e5.dir/CheckIncludeFiles.c.o  -o cmTC_b33e5  
/home/physiii/esp/xtensa-esp32-elf/bin/../lib/gcc/xtensa-esp32-elf/5.2.0/../../../../xtensa-esp32-elf/bin/ld: warning: cannot find entry symbol _start; defaulting to 0000000000400054
make[3]: Leaving directory '/home/physiii/circuits/smart-regulator/code/build/libwebsockets/CMakeFiles/CMakeTmp'
make[2]: Leaving directory '/home/physiii/circuits/smart-regulator/code/build/libwebsockets/CMakeFiles/CMakeTmp'


Performing C SOURCE FILE Test LWS_HAS_INTPTR_T succeeded with the following output:
Change Dir: /home/physiii/circuits/smart-regulator/code/build/libwebsockets/CMakeFiles/CMakeTmp

Run Build Command:"/usr/bin/make" "cmTC_1138c/fast"
make[2]: Entering directory '/home/physiii/circuits/smart-regulator/code/build/libwebsockets/CMakeFiles/CMakeTmp'
/usr/bin/make -f CMakeFiles/cmTC_1138c.dir/build.make CMakeFiles/cmTC_1138c.dir/build
make[3]: Entering directory '/home/physiii/circuits/smart-regulator/code/build/libwebsockets/CMakeFiles/CMakeTmp'
Building C object CMakeFiles/cmTC_1138c.dir/src.c.o
/home/physiii/esp/xtensa-esp32-elf/bin/../bin/xtensa-esp32-elf-gcc  -DKEYWORD=__inline  -nostdlib -Wall -Werror 	-I/home/physiii/circuits/smart-regulator/code/build/include 	-I/home/physiii/esp/esp-idf/components/mdns/include 	-I/home/physiii/esp/esp-idf/components/driver/include 	-I/home/physiii/esp/esp-idf/components/spi_flash/include 	-I/home/physiii/esp/esp-idf/components/nvs_flash/include 	-I/home/physiii/esp/esp-idf/components/tcpip_adapter/include 	-I/home/physiii/esp/esp-idf/components/lwip/include/lwip/posix 	-I/home/physiii/esp/esp-idf/components/lwip/include/lwip 	-I/home/physiii/esp/esp-idf/components/lwip/include/lwip/port 	-I/home/physiii/esp/esp-idf/components/esp32/include/ 	-I/home/physiii/esp/esp-idf/components/bootloader_support/include/ 	-I/home/physiii/esp/esp-idf/components/app_update/include/ 	-I/home/physiii/esp/esp-idf/components/soc/esp32/include/ 	-std=gnu99 -Os -ggdb -ffunction-sections -fdata-sections -fstrict-volatile-bitfields -mlongcalls -nostdlib -Wall -Werror=all -Wno-error=unused-function -Wno-error=unused-but-set-variable -Wno-error=unused-variable -Wno-error=deprecated-declarations -Wextra -Wno-unused-parameter -Wno-sign-compare -Wno-old-style-declaration -DWITH_POSIX -DMBEDTLS_CONFIG_FILE='mbedtls/esp_config.h' -DHAVE_CONFIG_H -I/home/physiii/circuits/smart-regulator/code/components/libwebsockets/plugins  -DLWS_IS_FACTORY_APPLICATION=0 -DNDEBUG=1 -Os 	-I/home/physiii/esp/esp-idf/components/nvs_flash/test_nvs_host 	-I/home/physiii/esp/esp-idf/components/freertos/include -DLWS_HAS_INTPTR_T   -o CMakeFiles/cmTC_1138c.dir/src.c.o   -c /home/physiii/circuits/smart-regulator/code/build/libwebsockets/CMakeFiles/CMakeTmp/src.c
/home/physiii/circuits/smart-regulator/code/build/libwebsockets/CMakeFiles/CMakeTmp/src.c: In function 'main':
/home/physiii/circuits/smart-regulator/code/build/libwebsockets/CMakeFiles/CMakeTmp/src.c:3:12: warning: unused variable 'test' [-Wunused-variable]
   intptr_t test = 1;
            ^
Linking C executable cmTC_1138c
/usr/bin/cmake -E cmake_link_script CMakeFiles/cmTC_1138c.dir/link.txt --verbose=1
/home/physiii/esp/xtensa-esp32-elf/bin/../bin/xtensa-esp32-elf-gcc  -nostdlib -Wall -Werror 	-I/home/physiii/circuits/smart-regulator/code/build/include 	-I/home/physiii/esp/esp-idf/components/mdns/include 	-I/home/physiii/esp/esp-idf/components/driver/include 	-I/home/physiii/esp/esp-idf/components/spi_flash/include 	-I/home/physiii/esp/esp-idf/components/nvs_flash/include 	-I/home/physiii/esp/esp-idf/components/tcpip_adapter/include 	-I/home/physiii/esp/esp-idf/components/lwip/include/lwip/posix 	-I/home/physiii/esp/esp-idf/components/lwip/include/lwip 	-I/home/physiii/esp/esp-idf/components/lwip/include/lwip/port 	-I/home/physiii/esp/esp-idf/components/esp32/include/ 	-I/home/physiii/esp/esp-idf/components/bootloader_support/include/ 	-I/home/physiii/esp/esp-idf/components/app_update/include/ 	-I$(IDF_PATH)/components/soc/esp32/include/ 	-std=gnu99 -Os -ggdb -ffunction-sections -fdata-sections -fstrict-volatile-bitfields -mlongcalls -nostdlib -Wall -Werror=all -Wno-error=unused-function -Wno-error=unused-but-set-variable -Wno-error=unused-variable -Wno-error=deprecated-declarations -Wextra -Wno-unused-parameter -Wno-sign-compare -Wno-old-style-declaration -DWITH_POSIX -DMBEDTLS_CONFIG_FILE='mbedtls/esp_config.h' -DHAVE_CONFIG_H -I/home/physiii/circuits/smart-regulator/code/components/libwebsockets/plugins  -DLWS_IS_FACTORY_APPLICATION=0 -DNDEBUG=1 -Os 	-I/home/physiii/esp/esp-idf/components/nvs_flash/test_nvs_host 	-I/home/physiii/esp/esp-idf/components/freertos/include -DLWS_HAS_INTPTR_T    CMakeFiles/cmTC_1138c.dir/src.c.o  -o cmTC_1138c  
/home/physiii/esp/xtensa-esp32-elf/bin/../lib/gcc/xtensa-esp32-elf/5.2.0/../../../../xtensa-esp32-elf/bin/ld: warning: cannot find entry symbol _start; defaulting to 0000000000400054
make[3]: Leaving directory '/home/physiii/circuits/smart-regulator/code/build/libwebsockets/CMakeFiles/CMakeTmp'
make[2]: Leaving directory '/home/physiii/circuits/smart-regulator/code/build/libwebsockets/CMakeFiles/CMakeTmp'

Source file was:
#include <stdint.h> 
	int main(void) {
		intptr_t test = 1;
		return 0;
	}
