The target system is: Linux -  - 
The host system is: Linux - 4.10.0-33-generic - x86_64
Determining if the C compiler works passed with the following output:
Change Dir: /home/physiii/circuits/smart-regulator/code/build/libwebsockets/CMakeFiles/CMakeTmp

Run Build Command:"/usr/bin/make" "cmTC_1e842/fast"
make[2]: Entering directory '/home/physiii/circuits/smart-regulator/code/build/libwebsockets/CMakeFiles/CMakeTmp'
/usr/bin/make -f CMakeFiles/cmTC_1e842.dir/build.make CMakeFiles/cmTC_1e842.dir/build
make[3]: Entering directory '/home/physiii/circuits/smart-regulator/code/build/libwebsockets/CMakeFiles/CMakeTmp'
Building C object CMakeFiles/cmTC_1e842.dir/testCCompiler.c.o
/home/physiii/esp/xtensa-esp32-elf/bin/../bin/xtensa-esp32-elf-gcc    -nostdlib -Wall -Werror 	-I/home/physiii/circuits/smart-regulator/code/build/include 	-I/home/physiii/esp/esp-idf/components/mdns/include 	-I/home/physiii/esp/esp-idf/components/driver/include 	-I/home/physiii/esp/esp-idf/components/spi_flash/include 	-I/home/physiii/esp/esp-idf/components/nvs_flash/include 	-I/home/physiii/esp/esp-idf/components/tcpip_adapter/include 	-I/home/physiii/esp/esp-idf/components/lwip/include/lwip/posix 	-I/home/physiii/esp/esp-idf/components/lwip/include/lwip 	-I/home/physiii/esp/esp-idf/components/lwip/include/lwip/port 	-I/home/physiii/esp/esp-idf/components/esp32/include/ 	-I/home/physiii/esp/esp-idf/components/bootloader_support/include/ 	-I/home/physiii/esp/esp-idf/components/app_update/include/ 	-I/home/physiii/esp/esp-idf/components/soc/esp32/include/ 	-std=gnu99 -Os -ggdb -ffunction-sections -fdata-sections -fstrict-volatile-bitfields -mlongcalls -nostdlib -Wall -Werror=all -Wno-error=unused-function -Wno-error=unused-but-set-variable -Wno-error=unused-variable -Wno-error=deprecated-declarations -Wextra -Wno-unused-parameter -Wno-sign-compare -Wno-old-style-declaration -DWITH_POSIX -DMBEDTLS_CONFIG_FILE='mbedtls/esp_config.h' -DHAVE_CONFIG_H -I/home/physiii/circuits/smart-regulator/code/main/../components/libwebsockets/plugins  -DLWS_IS_FACTORY_APPLICATION=0 -DNDEBUG=1 -Os 	-I/home/physiii/esp/esp-idf/components/nvs_flash/test_nvs_host 	-I/home/physiii/esp/esp-idf/components/freertos/include    -o CMakeFiles/cmTC_1e842.dir/testCCompiler.c.o   -c /home/physiii/circuits/smart-regulator/code/build/libwebsockets/CMakeFiles/CMakeTmp/testCCompiler.c
Linking C executable cmTC_1e842
/usr/bin/cmake -E cmake_link_script CMakeFiles/cmTC_1e842.dir/link.txt --verbose=1
/home/physiii/esp/xtensa-esp32-elf/bin/../bin/xtensa-esp32-elf-gcc  -nostdlib -Wall -Werror 	-I/home/physiii/circuits/smart-regulator/code/build/include 	-I/home/physiii/esp/esp-idf/components/mdns/include 	-I/home/physiii/esp/esp-idf/components/driver/include 	-I/home/physiii/esp/esp-idf/components/spi_flash/include 	-I/home/physiii/esp/esp-idf/components/nvs_flash/include 	-I/home/physiii/esp/esp-idf/components/tcpip_adapter/include 	-I/home/physiii/esp/esp-idf/components/lwip/include/lwip/posix 	-I/home/physiii/esp/esp-idf/components/lwip/include/lwip 	-I/home/physiii/esp/esp-idf/components/lwip/include/lwip/port 	-I/home/physiii/esp/esp-idf/components/esp32/include/ 	-I/home/physiii/esp/esp-idf/components/bootloader_support/include/ 	-I/home/physiii/esp/esp-idf/components/app_update/include/ 	-I$(IDF_PATH)/components/soc/esp32/include/ 	-std=gnu99 -Os -ggdb -ffunction-sections -fdata-sections -fstrict-volatile-bitfields -mlongcalls -nostdlib -Wall -Werror=all -Wno-error=unused-function -Wno-error=unused-but-set-variable -Wno-error=unused-variable -Wno-error=deprecated-declarations -Wextra -Wno-unused-parameter -Wno-sign-compare -Wno-old-style-declaration -DWITH_POSIX -DMBEDTLS_CONFIG_FILE='mbedtls/esp_config.h' -DHAVE_CONFIG_H -I/home/physiii/circuits/smart-regulator/code/main/../components/libwebsockets/plugins  -DLWS_IS_FACTORY_APPLICATION=0 -DNDEBUG=1 -Os 	-I/home/physiii/esp/esp-idf/components/nvs_flash/test_nvs_host 	-I/home/physiii/esp/esp-idf/components/freertos/include     CMakeFiles/cmTC_1e842.dir/testCCompiler.c.o  -o cmTC_1e842  
/home/physiii/esp/xtensa-esp32-elf/bin/../lib/gcc/xtensa-esp32-elf/5.2.0/../../../../xtensa-esp32-elf/bin/ld: warning: cannot find entry symbol _start; defaulting to 0000000000400054
make[3]: Leaving directory '/home/physiii/circuits/smart-regulator/code/build/libwebsockets/CMakeFiles/CMakeTmp'
make[2]: Leaving directory '/home/physiii/circuits/smart-regulator/code/build/libwebsockets/CMakeFiles/CMakeTmp'


Detecting C compiler ABI info compiled with the following output:
Change Dir: /home/physiii/circuits/smart-regulator/code/build/libwebsockets/CMakeFiles/CMakeTmp

Run Build Command:"/usr/bin/make" "cmTC_a9f77/fast"
make[2]: Entering directory '/home/physiii/circuits/smart-regulator/code/build/libwebsockets/CMakeFiles/CMakeTmp'
/usr/bin/make -f CMakeFiles/cmTC_a9f77.dir/build.make CMakeFiles/cmTC_a9f77.dir/build
make[3]: Entering directory '/home/physiii/circuits/smart-regulator/code/build/libwebsockets/CMakeFiles/CMakeTmp'
Building C object CMakeFiles/cmTC_a9f77.dir/CMakeCCompilerABI.c.o
/home/physiii/esp/xtensa-esp32-elf/bin/../bin/xtensa-esp32-elf-gcc    -nostdlib -Wall -Werror 	-I/home/physiii/circuits/smart-regulator/code/build/include 	-I/home/physiii/esp/esp-idf/components/mdns/include 	-I/home/physiii/esp/esp-idf/components/driver/include 	-I/home/physiii/esp/esp-idf/components/spi_flash/include 	-I/home/physiii/esp/esp-idf/components/nvs_flash/include 	-I/home/physiii/esp/esp-idf/components/tcpip_adapter/include 	-I/home/physiii/esp/esp-idf/components/lwip/include/lwip/posix 	-I/home/physiii/esp/esp-idf/components/lwip/include/lwip 	-I/home/physiii/esp/esp-idf/components/lwip/include/lwip/port 	-I/home/physiii/esp/esp-idf/components/esp32/include/ 	-I/home/physiii/esp/esp-idf/components/bootloader_support/include/ 	-I/home/physiii/esp/esp-idf/components/app_update/include/ 	-I/home/physiii/esp/esp-idf/components/soc/esp32/include/ 	-std=gnu99 -Os -ggdb -ffunction-sections -fdata-sections -fstrict-volatile-bitfields -mlongcalls -nostdlib -Wall -Werror=all -Wno-error=unused-function -Wno-error=unused-but-set-variable -Wno-error=unused-variable -Wno-error=deprecated-declarations -Wextra -Wno-unused-parameter -Wno-sign-compare -Wno-old-style-declaration -DWITH_POSIX -DMBEDTLS_CONFIG_FILE='mbedtls/esp_config.h' -DHAVE_CONFIG_H -I/home/physiii/circuits/smart-regulator/code/main/../components/libwebsockets/plugins  -DLWS_IS_FACTORY_APPLICATION=0 -DNDEBUG=1 -Os 	-I/home/physiii/esp/esp-idf/components/nvs_flash/test_nvs_host 	-I/home/physiii/esp/esp-idf/components/freertos/include    -o CMakeFiles/cmTC_a9f77.dir/CMakeCCompilerABI.c.o   -c /usr/share/cmake-3.7/Modules/CMakeCCompilerABI.c
Linking C executable cmTC_a9f77
/usr/bin/cmake -E cmake_link_script CMakeFiles/cmTC_a9f77.dir/link.txt --verbose=1
/home/physiii/esp/xtensa-esp32-elf/bin/../bin/xtensa-esp32-elf-gcc  -nostdlib -Wall -Werror 	-I/home/physiii/circuits/smart-regulator/code/build/include 	-I/home/physiii/esp/esp-idf/components/mdns/include 	-I/home/physiii/esp/esp-idf/components/driver/include 	-I/home/physiii/esp/esp-idf/components/spi_flash/include 	-I/home/physiii/esp/esp-idf/components/nvs_flash/include 	-I/home/physiii/esp/esp-idf/components/tcpip_adapter/include 	-I/home/physiii/esp/esp-idf/components/lwip/include/lwip/posix 	-I/home/physiii/esp/esp-idf/components/lwip/include/lwip 	-I/home/physiii/esp/esp-idf/components/lwip/include/lwip/port 	-I/home/physiii/esp/esp-idf/components/esp32/include/ 	-I/home/physiii/esp/esp-idf/components/bootloader_support/include/ 	-I/home/physiii/esp/esp-idf/components/app_update/include/ 	-I$(IDF_PATH)/components/soc/esp32/include/ 	-std=gnu99 -Os -ggdb -ffunction-sections -fdata-sections -fstrict-volatile-bitfields -mlongcalls -nostdlib -Wall -Werror=all -Wno-error=unused-function -Wno-error=unused-but-set-variable -Wno-error=unused-variable -Wno-error=deprecated-declarations -Wextra -Wno-unused-parameter -Wno-sign-compare -Wno-old-style-declaration -DWITH_POSIX -DMBEDTLS_CONFIG_FILE='mbedtls/esp_config.h' -DHAVE_CONFIG_H -I/home/physiii/circuits/smart-regulator/code/main/../components/libwebsockets/plugins  -DLWS_IS_FACTORY_APPLICATION=0 -DNDEBUG=1 -Os 	-I/home/physiii/esp/esp-idf/components/nvs_flash/test_nvs_host 	-I/home/physiii/esp/esp-idf/components/freertos/include     CMakeFiles/cmTC_a9f77.dir/CMakeCCompilerABI.c.o  -o cmTC_a9f77   
/home/physiii/esp/xtensa-esp32-elf/bin/../lib/gcc/xtensa-esp32-elf/5.2.0/../../../../xtensa-esp32-elf/bin/ld: warning: cannot find entry symbol _start; defaulting to 0000000000400054
make[3]: Leaving directory '/home/physiii/circuits/smart-regulator/code/build/libwebsockets/CMakeFiles/CMakeTmp'
make[2]: Leaving directory '/home/physiii/circuits/smart-regulator/code/build/libwebsockets/CMakeFiles/CMakeTmp'


Performing C SOURCE FILE Test LWS_HAVE_inline succeeded with the following output:
Change Dir: /home/physiii/circuits/smart-regulator/code/build/libwebsockets/CMakeFiles/CMakeTmp

Run Build Command:"/usr/bin/make" "cmTC_e3f6c/fast"
make[2]: Entering directory '/home/physiii/circuits/smart-regulator/code/build/libwebsockets/CMakeFiles/CMakeTmp'
/usr/bin/make -f CMakeFiles/cmTC_e3f6c.dir/build.make CMakeFiles/cmTC_e3f6c.dir/build
make[3]: Entering directory '/home/physiii/circuits/smart-regulator/code/build/libwebsockets/CMakeFiles/CMakeTmp'
Building C object CMakeFiles/cmTC_e3f6c.dir/src.c.o
/home/physiii/esp/xtensa-esp32-elf/bin/../bin/xtensa-esp32-elf-gcc  -DKEYWORD=inline  -nostdlib -Wall -Werror 	-I/home/physiii/circuits/smart-regulator/code/build/include 	-I/home/physiii/esp/esp-idf/components/mdns/include 	-I/home/physiii/esp/esp-idf/components/driver/include 	-I/home/physiii/esp/esp-idf/components/spi_flash/include 	-I/home/physiii/esp/esp-idf/components/nvs_flash/include 	-I/home/physiii/esp/esp-idf/components/tcpip_adapter/include 	-I/home/physiii/esp/esp-idf/components/lwip/include/lwip/posix 	-I/home/physiii/esp/esp-idf/components/lwip/include/lwip 	-I/home/physiii/esp/esp-idf/components/lwip/include/lwip/port 	-I/home/physiii/esp/esp-idf/components/esp32/include/ 	-I/home/physiii/esp/esp-idf/components/bootloader_support/include/ 	-I/home/physiii/esp/esp-idf/components/app_update/include/ 	-I/home/physiii/esp/esp-idf/components/soc/esp32/include/ 	-std=gnu99 -Os -ggdb -ffunction-sections -fdata-sections -fstrict-volatile-bitfields -mlongcalls -nostdlib -Wall -Werror=all -Wno-error=unused-function -Wno-error=unused-but-set-variable -Wno-error=unused-variable -Wno-error=deprecated-declarations -Wextra -Wno-unused-parameter -Wno-sign-compare -Wno-old-style-declaration -DWITH_POSIX -DMBEDTLS_CONFIG_FILE='mbedtls/esp_config.h' -DHAVE_CONFIG_H -I/home/physiii/circuits/smart-regulator/code/main/../components/libwebsockets/plugins  -DLWS_IS_FACTORY_APPLICATION=0 -DNDEBUG=1 -Os 	-I/home/physiii/esp/esp-idf/components/nvs_flash/test_nvs_host 	-I/home/physiii/esp/esp-idf/components/freertos/include -DLWS_HAVE_inline   -o CMakeFiles/cmTC_e3f6c.dir/src.c.o   -c /home/physiii/circuits/smart-regulator/code/build/libwebsockets/CMakeFiles/CMakeTmp/src.c
Linking C executable cmTC_e3f6c
/usr/bin/cmake -E cmake_link_script CMakeFiles/cmTC_e3f6c.dir/link.txt --verbose=1
/home/physiii/esp/xtensa-esp32-elf/bin/../bin/xtensa-esp32-elf-gcc  -nostdlib -Wall -Werror 	-I/home/physiii/circuits/smart-regulator/code/build/include 	-I/home/physiii/esp/esp-idf/components/mdns/include 	-I/home/physiii/esp/esp-idf/components/driver/include 	-I/home/physiii/esp/esp-idf/components/spi_flash/include 	-I/home/physiii/esp/esp-idf/components/nvs_flash/include 	-I/home/physiii/esp/esp-idf/components/tcpip_adapter/include 	-I/home/physiii/esp/esp-idf/components/lwip/include/lwip/posix 	-I/home/physiii/esp/esp-idf/components/lwip/include/lwip 	-I/home/physiii/esp/esp-idf/components/lwip/include/lwip/port 	-I/home/physiii/esp/esp-idf/components/esp32/include/ 	-I/home/physiii/esp/esp-idf/components/bootloader_support/include/ 	-I/home/physiii/esp/esp-idf/components/app_update/include/ 	-I$(IDF_PATH)/components/soc/esp32/include/ 	-std=gnu99 -Os -ggdb -ffunction-sections -fdata-sections -fstrict-volatile-bitfields -mlongcalls -nostdlib -Wall -Werror=all -Wno-error=unused-function -Wno-error=unused-but-set-variable -Wno-error=unused-variable -Wno-error=deprecated-declarations -Wextra -Wno-unused-parameter -Wno-sign-compare -Wno-old-style-declaration -DWITH_POSIX -DMBEDTLS_CONFIG_FILE='mbedtls/esp_config.h' -DHAVE_CONFIG_H -I/home/physiii/circuits/smart-regulator/code/main/../components/libwebsockets/plugins  -DLWS_IS_FACTORY_APPLICATION=0 -DNDEBUG=1 -Os 	-I/home/physiii/esp/esp-idf/components/nvs_flash/test_nvs_host 	-I/home/physiii/esp/esp-idf/components/freertos/include -DLWS_HAVE_inline    CMakeFiles/cmTC_e3f6c.dir/src.c.o  -o cmTC_e3f6c  
/home/physiii/esp/xtensa-esp32-elf/bin/../lib/gcc/xtensa-esp32-elf/5.2.0/../../../../xtensa-esp32-elf/bin/ld: warning: cannot find entry symbol _start; defaulting to 0000000000400054
make[3]: Leaving directory '/home/physiii/circuits/smart-regulator/code/build/libwebsockets/CMakeFiles/CMakeTmp'
make[2]: Leaving directory '/home/physiii/circuits/smart-regulator/code/build/libwebsockets/CMakeFiles/CMakeTmp'

Source file was:

		#include <stdio.h>
		static KEYWORD void a() {}
		int main(int argc, char **argv) { a(); return 0; }
		
Performing C SOURCE FILE Test LWS_HAVE___inline__ succeeded with the following output:
Change Dir: /home/physiii/circuits/smart-regulator/code/build/libwebsockets/CMakeFiles/CMakeTmp

Run Build Command:"/usr/bin/make" "cmTC_0e164/fast"
make[2]: Entering directory '/home/physiii/circuits/smart-regulator/code/build/libwebsockets/CMakeFiles/CMakeTmp'
/usr/bin/make -f CMakeFiles/cmTC_0e164.dir/build.make CMakeFiles/cmTC_0e164.dir/build
make[3]: Entering directory '/home/physiii/circuits/smart-regulator/code/build/libwebsockets/CMakeFiles/CMakeTmp'
Building C object CMakeFiles/cmTC_0e164.dir/src.c.o
/home/physiii/esp/xtensa-esp32-elf/bin/../bin/xtensa-esp32-elf-gcc  -DKEYWORD=__inline__  -nostdlib -Wall -Werror 	-I/home/physiii/circuits/smart-regulator/code/build/include 	-I/home/physiii/esp/esp-idf/components/mdns/include 	-I/home/physiii/esp/esp-idf/components/driver/include 	-I/home/physiii/esp/esp-idf/components/spi_flash/include 	-I/home/physiii/esp/esp-idf/components/nvs_flash/include 	-I/home/physiii/esp/esp-idf/components/tcpip_adapter/include 	-I/home/physiii/esp/esp-idf/components/lwip/include/lwip/posix 	-I/home/physiii/esp/esp-idf/components/lwip/include/lwip 	-I/home/physiii/esp/esp-idf/components/lwip/include/lwip/port 	-I/home/physiii/esp/esp-idf/components/esp32/include/ 	-I/home/physiii/esp/esp-idf/components/bootloader_support/include/ 	-I/home/physiii/esp/esp-idf/components/app_update/include/ 	-I/home/physiii/esp/esp-idf/components/soc/esp32/include/ 	-std=gnu99 -Os -ggdb -ffunction-sections -fdata-sections -fstrict-volatile-bitfields -mlongcalls -nostdlib -Wall -Werror=all -Wno-error=unused-function -Wno-error=unused-but-set-variable -Wno-error=unused-variable -Wno-error=deprecated-declarations -Wextra -Wno-unused-parameter -Wno-sign-compare -Wno-old-style-declaration -DWITH_POSIX -DMBEDTLS_CONFIG_FILE='mbedtls/esp_config.h' -DHAVE_CONFIG_H -I/home/physiii/circuits/smart-regulator/code/main/../components/libwebsockets/plugins  -DLWS_IS_FACTORY_APPLICATION=0 -DNDEBUG=1 -Os 	-I/home/physiii/esp/esp-idf/components/nvs_flash/test_nvs_host 	-I/home/physiii/esp/esp-idf/components/freertos/include -DLWS_HAVE___inline__   -o CMakeFiles/cmTC_0e164.dir/src.c.o   -c /home/physiii/circuits/smart-regulator/code/build/libwebsockets/CMakeFiles/CMakeTmp/src.c
Linking C executable cmTC_0e164
/usr/bin/cmake -E cmake_link_script CMakeFiles/cmTC_0e164.dir/link.txt --verbose=1
/home/physiii/esp/xtensa-esp32-elf/bin/../bin/xtensa-esp32-elf-gcc  -nostdlib -Wall -Werror 	-I/home/physiii/circuits/smart-regulator/code/build/include 	-I/home/physiii/esp/esp-idf/components/mdns/include 	-I/home/physiii/esp/esp-idf/components/driver/include 	-I/home/physiii/esp/esp-idf/components/spi_flash/include 	-I/home/physiii/esp/esp-idf/components/nvs_flash/include 	-I/home/physiii/esp/esp-idf/components/tcpip_adapter/include 	-I/home/physiii/esp/esp-idf/components/lwip/include/lwip/posix 	-I/home/physiii/esp/esp-idf/components/lwip/include/lwip 	-I/home/physiii/esp/esp-idf/components/lwip/include/lwip/port 	-I/home/physiii/esp/esp-idf/components/esp32/include/ 	-I/home/physiii/esp/esp-idf/components/bootloader_support/include/ 	-I/home/physiii/esp/esp-idf/components/app_update/include/ 	-I$(IDF_PATH)/components/soc/esp32/include/ 	-std=gnu99 -Os -ggdb -ffunction-sections -fdata-sections -fstrict-volatile-bitfields -mlongcalls -nostdlib -Wall -Werror=all -Wno-error=unused-function -Wno-error=unused-but-set-variable -Wno-error=unused-variable -Wno-error=deprecated-declarations -Wextra -Wno-unused-parameter -Wno-sign-compare -Wno-old-style-declaration -DWITH_POSIX -DMBEDTLS_CONFIG_FILE='mbedtls/esp_config.h' -DHAVE_CONFIG_H -I/home/physiii/circuits/smart-regulator/code/main/../components/libwebsockets/plugins  -DLWS_IS_FACTORY_APPLICATION=0 -DNDEBUG=1 -Os 	-I/home/physiii/esp/esp-idf/components/nvs_flash/test_nvs_host 	-I/home/physiii/esp/esp-idf/components/freertos/include -DLWS_HAVE___inline__    CMakeFiles/cmTC_0e164.dir/src.c.o  -o cmTC_0e164  
/home/physiii/esp/xtensa-esp32-elf/bin/../lib/gcc/xtensa-esp32-elf/5.2.0/../../../../xtensa-esp32-elf/bin/ld: warning: cannot find entry symbol _start; defaulting to 0000000000400054
make[3]: Leaving directory '/home/physiii/circuits/smart-regulator/code/build/libwebsockets/CMakeFiles/CMakeTmp'
make[2]: Leaving directory '/home/physiii/circuits/smart-regulator/code/build/libwebsockets/CMakeFiles/CMakeTmp'

Source file was:

		#include <stdio.h>
		static KEYWORD void a() {}
		int main(int argc, char **argv) { a(); return 0; }
		
Performing C SOURCE FILE Test LWS_HAVE___inline succeeded with the following output:
Change Dir: /home/physiii/circuits/smart-regulator/code/build/libwebsockets/CMakeFiles/CMakeTmp

Run Build Command:"/usr/bin/make" "cmTC_ec4fd/fast"
make[2]: Entering directory '/home/physiii/circuits/smart-regulator/code/build/libwebsockets/CMakeFiles/CMakeTmp'
/usr/bin/make -f CMakeFiles/cmTC_ec4fd.dir/build.make CMakeFiles/cmTC_ec4fd.dir/build
make[3]: Entering directory '/home/physiii/circuits/smart-regulator/code/build/libwebsockets/CMakeFiles/CMakeTmp'
Building C object CMakeFiles/cmTC_ec4fd.dir/src.c.o
/home/physiii/esp/xtensa-esp32-elf/bin/../bin/xtensa-esp32-elf-gcc  -DKEYWORD=__inline  -nostdlib -Wall -Werror 	-I/home/physiii/circuits/smart-regulator/code/build/include 	-I/home/physiii/esp/esp-idf/components/mdns/include 	-I/home/physiii/esp/esp-idf/components/driver/include 	-I/home/physiii/esp/esp-idf/components/spi_flash/include 	-I/home/physiii/esp/esp-idf/components/nvs_flash/include 	-I/home/physiii/esp/esp-idf/components/tcpip_adapter/include 	-I/home/physiii/esp/esp-idf/components/lwip/include/lwip/posix 	-I/home/physiii/esp/esp-idf/components/lwip/include/lwip 	-I/home/physiii/esp/esp-idf/components/lwip/include/lwip/port 	-I/home/physiii/esp/esp-idf/components/esp32/include/ 	-I/home/physiii/esp/esp-idf/components/bootloader_support/include/ 	-I/home/physiii/esp/esp-idf/components/app_update/include/ 	-I/home/physiii/esp/esp-idf/components/soc/esp32/include/ 	-std=gnu99 -Os -ggdb -ffunction-sections -fdata-sections -fstrict-volatile-bitfields -mlongcalls -nostdlib -Wall -Werror=all -Wno-error=unused-function -Wno-error=unused-but-set-variable -Wno-error=unused-variable -Wno-error=deprecated-declarations -Wextra -Wno-unused-parameter -Wno-sign-compare -Wno-old-style-declaration -DWITH_POSIX -DMBEDTLS_CONFIG_FILE='mbedtls/esp_config.h' -DHAVE_CONFIG_H -I/home/physiii/circuits/smart-regulator/code/main/../components/libwebsockets/plugins  -DLWS_IS_FACTORY_APPLICATION=0 -DNDEBUG=1 -Os 	-I/home/physiii/esp/esp-idf/components/nvs_flash/test_nvs_host 	-I/home/physiii/esp/esp-idf/components/freertos/include -DLWS_HAVE___inline   -o CMakeFiles/cmTC_ec4fd.dir/src.c.o   -c /home/physiii/circuits/smart-regulator/code/build/libwebsockets/CMakeFiles/CMakeTmp/src.c
Linking C executable cmTC_ec4fd
/usr/bin/cmake -E cmake_link_script CMakeFiles/cmTC_ec4fd.dir/link.txt --verbose=1
/home/physiii/esp/xtensa-esp32-elf/bin/../bin/xtensa-esp32-elf-gcc  -nostdlib -Wall -Werror 	-I/home/physiii/circuits/smart-regulator/code/build/include 	-I/home/physiii/esp/esp-idf/components/mdns/include 	-I/home/physiii/esp/esp-idf/components/driver/include 	-I/home/physiii/esp/esp-idf/components/spi_flash/include 	-I/home/physiii/esp/esp-idf/components/nvs_flash/include 	-I/home/physiii/esp/esp-idf/components/tcpip_adapter/include 	-I/home/physiii/esp/esp-idf/components/lwip/include/lwip/posix 	-I/home/physiii/esp/esp-idf/components/lwip/include/lwip 	-I/home/physiii/esp/esp-idf/components/lwip/include/lwip/port 	-I/home/physiii/esp/esp-idf/components/esp32/include/ 	-I/home/physiii/esp/esp-idf/components/bootloader_support/include/ 	-I/home/physiii/esp/esp-idf/components/app_update/include/ 	-I$(IDF_PATH)/components/soc/esp32/include/ 	-std=gnu99 -Os -ggdb -ffunction-sections -fdata-sections -fstrict-volatile-bitfields -mlongcalls -nostdlib -Wall -Werror=all -Wno-error=unused-function -Wno-error=unused-but-set-variable -Wno-error=unused-variable -Wno-error=deprecated-declarations -Wextra -Wno-unused-parameter -Wno-sign-compare -Wno-old-style-declaration -DWITH_POSIX -DMBEDTLS_CONFIG_FILE='mbedtls/esp_config.h' -DHAVE_CONFIG_H -I/home/physiii/circuits/smart-regulator/code/main/../components/libwebsockets/plugins  -DLWS_IS_FACTORY_APPLICATION=0 -DNDEBUG=1 -Os 	-I/home/physiii/esp/esp-idf/components/nvs_flash/test_nvs_host 	-I/home/physiii/esp/esp-idf/components/freertos/include -DLWS_HAVE___inline    CMakeFiles/cmTC_ec4fd.dir/src.c.o  -o cmTC_ec4fd  
/home/physiii/esp/xtensa-esp32-elf/bin/../lib/gcc/xtensa-esp32-elf/5.2.0/../../../../xtensa-esp32-elf/bin/ld: warning: cannot find entry symbol _start; defaulting to 0000000000400054
make[3]: Leaving directory '/home/physiii/circuits/smart-regulator/code/build/libwebsockets/CMakeFiles/CMakeTmp'
make[2]: Leaving directory '/home/physiii/circuits/smart-regulator/code/build/libwebsockets/CMakeFiles/CMakeTmp'

Source file was:

		#include <stdio.h>
		static KEYWORD void a() {}
		int main(int argc, char **argv) { a(); return 0; }
		
Determining if the include file fcntl.h exists passed with the following output:
Change Dir: /home/physiii/circuits/smart-regulator/code/build/libwebsockets/CMakeFiles/CMakeTmp

Run Build Command:"/usr/bin/make" "cmTC_36051/fast"
make[2]: Entering directory '/home/physiii/circuits/smart-regulator/code/build/libwebsockets/CMakeFiles/CMakeTmp'
/usr/bin/make -f CMakeFiles/cmTC_36051.dir/build.make CMakeFiles/cmTC_36051.dir/build
make[3]: Entering directory '/home/physiii/circuits/smart-regulator/code/build/libwebsockets/CMakeFiles/CMakeTmp'
Building C object CMakeFiles/cmTC_36051.dir/CheckIncludeFile.c.o
/home/physiii/esp/xtensa-esp32-elf/bin/../bin/xtensa-esp32-elf-gcc  -DKEYWORD=__inline  -nostdlib -Wall -Werror 	-I/home/physiii/circuits/smart-regulator/code/build/include 	-I/home/physiii/esp/esp-idf/components/mdns/include 	-I/home/physiii/esp/esp-idf/components/driver/include 	-I/home/physiii/esp/esp-idf/components/spi_flash/include 	-I/home/physiii/esp/esp-idf/components/nvs_flash/include 	-I/home/physiii/esp/esp-idf/components/tcpip_adapter/include 	-I/home/physiii/esp/esp-idf/components/lwip/include/lwip/posix 	-I/home/physiii/esp/esp-idf/components/lwip/include/lwip 	-I/home/physiii/esp/esp-idf/components/lwip/include/lwip/port 	-I/home/physiii/esp/esp-idf/components/esp32/include/ 	-I/home/physiii/esp/esp-idf/components/bootloader_support/include/ 	-I/home/physiii/esp/esp-idf/components/app_update/include/ 	-I/home/physiii/esp/esp-idf/components/soc/esp32/include/ 	-std=gnu99 -Os -ggdb -ffunction-sections -fdata-sections -fstrict-volatile-bitfields -mlongcalls -nostdlib -Wall -Werror=all -Wno-error=unused-function -Wno-error=unused-but-set-variable -Wno-error=unused-variable -Wno-error=deprecated-declarations -Wextra -Wno-unused-parameter -Wno-sign-compare -Wno-old-style-declaration -DWITH_POSIX -DMBEDTLS_CONFIG_FILE='mbedtls/esp_config.h' -DHAVE_CONFIG_H -I/home/physiii/circuits/smart-regulator/code/main/../components/libwebsockets/plugins  -DLWS_IS_FACTORY_APPLICATION=0 -DNDEBUG=1 -Os 	-I/home/physiii/esp/esp-idf/components/nvs_flash/test_nvs_host 	-I/home/physiii/esp/esp-idf/components/freertos/include    -o CMakeFiles/cmTC_36051.dir/CheckIncludeFile.c.o   -c /home/physiii/circuits/smart-regulator/code/build/libwebsockets/CMakeFiles/CMakeTmp/CheckIncludeFile.c
Linking C executable cmTC_36051
/usr/bin/cmake -E cmake_link_script CMakeFiles/cmTC_36051.dir/link.txt --verbose=1
/home/physiii/esp/xtensa-esp32-elf/bin/../bin/xtensa-esp32-elf-gcc  -nostdlib -Wall -Werror 	-I/home/physiii/circuits/smart-regulator/code/build/include 	-I/home/physiii/esp/esp-idf/components/mdns/include 	-I/home/physiii/esp/esp-idf/components/driver/include 	-I/home/physiii/esp/esp-idf/components/spi_flash/include 	-I/home/physiii/esp/esp-idf/components/nvs_flash/include 	-I/home/physiii/esp/esp-idf/components/tcpip_adapter/include 	-I/home/physiii/esp/esp-idf/components/lwip/include/lwip/posix 	-I/home/physiii/esp/esp-idf/components/lwip/include/lwip 	-I/home/physiii/esp/esp-idf/components/lwip/include/lwip/port 	-I/home/physiii/esp/esp-idf/components/esp32/include/ 	-I/home/physiii/esp/esp-idf/components/bootloader_support/include/ 	-I/home/physiii/esp/esp-idf/components/app_update/include/ 	-I$(IDF_PATH)/components/soc/esp32/include/ 	-std=gnu99 -Os -ggdb -ffunction-sections -fdata-sections -fstrict-volatile-bitfields -mlongcalls -nostdlib -Wall -Werror=all -Wno-error=unused-function -Wno-error=unused-but-set-variable -Wno-error=unused-variable -Wno-error=deprecated-declarations -Wextra -Wno-unused-parameter -Wno-sign-compare -Wno-old-style-declaration -DWITH_POSIX -DMBEDTLS_CONFIG_FILE='mbedtls/esp_config.h' -DHAVE_CONFIG_H -I/home/physiii/circuits/smart-regulator/code/main/../components/libwebsockets/plugins  -DLWS_IS_FACTORY_APPLICATION=0 -DNDEBUG=1 -Os 	-I/home/physiii/esp/esp-idf/components/nvs_flash/test_nvs_host 	-I/home/physiii/esp/esp-idf/components/freertos/include     CMakeFiles/cmTC_36051.dir/CheckIncludeFile.c.o  -o cmTC_36051  
/home/physiii/esp/xtensa-esp32-elf/bin/../lib/gcc/xtensa-esp32-elf/5.2.0/../../../../xtensa-esp32-elf/bin/ld: warning: cannot find entry symbol _start; defaulting to 0000000000400054
make[3]: Leaving directory '/home/physiii/circuits/smart-regulator/code/build/libwebsockets/CMakeFiles/CMakeTmp'
make[2]: Leaving directory '/home/physiii/circuits/smart-regulator/code/build/libwebsockets/CMakeFiles/CMakeTmp'


Determining if the include file inttypes.h exists passed with the following output:
Change Dir: /home/physiii/circuits/smart-regulator/code/build/libwebsockets/CMakeFiles/CMakeTmp

Run Build Command:"/usr/bin/make" "cmTC_80757/fast"
make[2]: Entering directory '/home/physiii/circuits/smart-regulator/code/build/libwebsockets/CMakeFiles/CMakeTmp'
/usr/bin/make -f CMakeFiles/cmTC_80757.dir/build.make CMakeFiles/cmTC_80757.dir/build
make[3]: Entering directory '/home/physiii/circuits/smart-regulator/code/build/libwebsockets/CMakeFiles/CMakeTmp'
Building C object CMakeFiles/cmTC_80757.dir/CheckIncludeFile.c.o
/home/physiii/esp/xtensa-esp32-elf/bin/../bin/xtensa-esp32-elf-gcc  -DKEYWORD=__inline  -nostdlib -Wall -Werror 	-I/home/physiii/circuits/smart-regulator/code/build/include 	-I/home/physiii/esp/esp-idf/components/mdns/include 	-I/home/physiii/esp/esp-idf/components/driver/include 	-I/home/physiii/esp/esp-idf/components/spi_flash/include 	-I/home/physiii/esp/esp-idf/components/nvs_flash/include 	-I/home/physiii/esp/esp-idf/components/tcpip_adapter/include 	-I/home/physiii/esp/esp-idf/components/lwip/include/lwip/posix 	-I/home/physiii/esp/esp-idf/components/lwip/include/lwip 	-I/home/physiii/esp/esp-idf/components/lwip/include/lwip/port 	-I/home/physiii/esp/esp-idf/components/esp32/include/ 	-I/home/physiii/esp/esp-idf/components/bootloader_support/include/ 	-I/home/physiii/esp/esp-idf/components/app_update/include/ 	-I/home/physiii/esp/esp-idf/components/soc/esp32/include/ 	-std=gnu99 -Os -ggdb -ffunction-sections -fdata-sections -fstrict-volatile-bitfields -mlongcalls -nostdlib -Wall -Werror=all -Wno-error=unused-function -Wno-error=unused-but-set-variable -Wno-error=unused-variable -Wno-error=deprecated-declarations -Wextra -Wno-unused-parameter -Wno-sign-compare -Wno-old-style-declaration -DWITH_POSIX -DMBEDTLS_CONFIG_FILE='mbedtls/esp_config.h' -DHAVE_CONFIG_H -I/home/physiii/circuits/smart-regulator/code/main/../components/libwebsockets/plugins  -DLWS_IS_FACTORY_APPLICATION=0 -DNDEBUG=1 -Os 	-I/home/physiii/esp/esp-idf/components/nvs_flash/test_nvs_host 	-I/home/physiii/esp/esp-idf/components/freertos/include    -o CMakeFiles/cmTC_80757.dir/CheckIncludeFile.c.o   -c /home/physiii/circuits/smart-regulator/code/build/libwebsockets/CMakeFiles/CMakeTmp/CheckIncludeFile.c
Linking C executable cmTC_80757
/usr/bin/cmake -E cmake_link_script CMakeFiles/cmTC_80757.dir/link.txt --verbose=1
/home/physiii/esp/xtensa-esp32-elf/bin/../bin/xtensa-esp32-elf-gcc  -nostdlib -Wall -Werror 	-I/home/physiii/circuits/smart-regulator/code/build/include 	-I/home/physiii/esp/esp-idf/components/mdns/include 	-I/home/physiii/esp/esp-idf/components/driver/include 	-I/home/physiii/esp/esp-idf/components/spi_flash/include 	-I/home/physiii/esp/esp-idf/components/nvs_flash/include 	-I/home/physiii/esp/esp-idf/components/tcpip_adapter/include 	-I/home/physiii/esp/esp-idf/components/lwip/include/lwip/posix 	-I/home/physiii/esp/esp-idf/components/lwip/include/lwip 	-I/home/physiii/esp/esp-idf/components/lwip/include/lwip/port 	-I/home/physiii/esp/esp-idf/components/esp32/include/ 	-I/home/physiii/esp/esp-idf/components/bootloader_support/include/ 	-I/home/physiii/esp/esp-idf/components/app_update/include/ 	-I$(IDF_PATH)/components/soc/esp32/include/ 	-std=gnu99 -Os -ggdb -ffunction-sections -fdata-sections -fstrict-volatile-bitfields -mlongcalls -nostdlib -Wall -Werror=all -Wno-error=unused-function -Wno-error=unused-but-set-variable -Wno-error=unused-variable -Wno-error=deprecated-declarations -Wextra -Wno-unused-parameter -Wno-sign-compare -Wno-old-style-declaration -DWITH_POSIX -DMBEDTLS_CONFIG_FILE='mbedtls/esp_config.h' -DHAVE_CONFIG_H -I/home/physiii/circuits/smart-regulator/code/main/../components/libwebsockets/plugins  -DLWS_IS_FACTORY_APPLICATION=0 -DNDEBUG=1 -Os 	-I/home/physiii/esp/esp-idf/components/nvs_flash/test_nvs_host 	-I/home/physiii/esp/esp-idf/components/freertos/include     CMakeFiles/cmTC_80757.dir/CheckIncludeFile.c.o  -o cmTC_80757  
/home/physiii/esp/xtensa-esp32-elf/bin/../lib/gcc/xtensa-esp32-elf/5.2.0/../../../../xtensa-esp32-elf/bin/ld: warning: cannot find entry symbol _start; defaulting to 0000000000400054
make[3]: Leaving directory '/home/physiii/circuits/smart-regulator/code/build/libwebsockets/CMakeFiles/CMakeTmp'
make[2]: Leaving directory '/home/physiii/circuits/smart-regulator/code/build/libwebsockets/CMakeFiles/CMakeTmp'


Determining if the include file netinet/in.h exists passed with the following output:
Change Dir: /home/physiii/circuits/smart-regulator/code/build/libwebsockets/CMakeFiles/CMakeTmp

Run Build Command:"/usr/bin/make" "cmTC_23262/fast"
make[2]: Entering directory '/home/physiii/circuits/smart-regulator/code/build/libwebsockets/CMakeFiles/CMakeTmp'
/usr/bin/make -f CMakeFiles/cmTC_23262.dir/build.make CMakeFiles/cmTC_23262.dir/build
make[3]: Entering directory '/home/physiii/circuits/smart-regulator/code/build/libwebsockets/CMakeFiles/CMakeTmp'
Building C object CMakeFiles/cmTC_23262.dir/CheckIncludeFile.c.o
/home/physiii/esp/xtensa-esp32-elf/bin/../bin/xtensa-esp32-elf-gcc  -DKEYWORD=__inline  -nostdlib -Wall -Werror 	-I/home/physiii/circuits/smart-regulator/code/build/include 	-I/home/physiii/esp/esp-idf/components/mdns/include 	-I/home/physiii/esp/esp-idf/components/driver/include 	-I/home/physiii/esp/esp-idf/components/spi_flash/include 	-I/home/physiii/esp/esp-idf/components/nvs_flash/include 	-I/home/physiii/esp/esp-idf/components/tcpip_adapter/include 	-I/home/physiii/esp/esp-idf/components/lwip/include/lwip/posix 	-I/home/physiii/esp/esp-idf/components/lwip/include/lwip 	-I/home/physiii/esp/esp-idf/components/lwip/include/lwip/port 	-I/home/physiii/esp/esp-idf/components/esp32/include/ 	-I/home/physiii/esp/esp-idf/components/bootloader_support/include/ 	-I/home/physiii/esp/esp-idf/components/app_update/include/ 	-I/home/physiii/esp/esp-idf/components/soc/esp32/include/ 	-std=gnu99 -Os -ggdb -ffunction-sections -fdata-sections -fstrict-volatile-bitfields -mlongcalls -nostdlib -Wall -Werror=all -Wno-error=unused-function -Wno-error=unused-but-set-variable -Wno-error=unused-variable -Wno-error=deprecated-declarations -Wextra -Wno-unused-parameter -Wno-sign-compare -Wno-old-style-declaration -DWITH_POSIX -DMBEDTLS_CONFIG_FILE='mbedtls/esp_config.h' -DHAVE_CONFIG_H -I/home/physiii/circuits/smart-regulator/code/main/../components/libwebsockets/plugins  -DLWS_IS_FACTORY_APPLICATION=0 -DNDEBUG=1 -Os 	-I/home/physiii/esp/esp-idf/components/nvs_flash/test_nvs_host 	-I/home/physiii/esp/esp-idf/components/freertos/include    -o CMakeFiles/cmTC_23262.dir/CheckIncludeFile.c.o   -c /home/physiii/circuits/smart-regulator/code/build/libwebsockets/CMakeFiles/CMakeTmp/CheckIncludeFile.c
Linking C executable cmTC_23262
/usr/bin/cmake -E cmake_link_script CMakeFiles/cmTC_23262.dir/link.txt --verbose=1
/home/physiii/esp/xtensa-esp32-elf/bin/../bin/xtensa-esp32-elf-gcc  -nostdlib -Wall -Werror 	-I/home/physiii/circuits/smart-regulator/code/build/include 	-I/home/physiii/esp/esp-idf/components/mdns/include 	-I/home/physiii/esp/esp-idf/components/driver/include 	-I/home/physiii/esp/esp-idf/components/spi_flash/include 	-I/home/physiii/esp/esp-idf/components/nvs_flash/include 	-I/home/physiii/esp/esp-idf/components/tcpip_adapter/include 	-I/home/physiii/esp/esp-idf/components/lwip/include/lwip/posix 	-I/home/physiii/esp/esp-idf/components/lwip/include/lwip 	-I/home/physiii/esp/esp-idf/components/lwip/include/lwip/port 	-I/home/physiii/esp/esp-idf/components/esp32/include/ 	-I/home/physiii/esp/esp-idf/components/bootloader_support/include/ 	-I/home/physiii/esp/esp-idf/components/app_update/include/ 	-I$(IDF_PATH)/components/soc/esp32/include/ 	-std=gnu99 -Os -ggdb -ffunction-sections -fdata-sections -fstrict-volatile-bitfields -mlongcalls -nostdlib -Wall -Werror=all -Wno-error=unused-function -Wno-error=unused-but-set-variable -Wno-error=unused-variable -Wno-error=deprecated-declarations -Wextra -Wno-unused-parameter -Wno-sign-compare -Wno-old-style-declaration -DWITH_POSIX -DMBEDTLS_CONFIG_FILE='mbedtls/esp_config.h' -DHAVE_CONFIG_H -I/home/physiii/circuits/smart-regulator/code/main/../components/libwebsockets/plugins  -DLWS_IS_FACTORY_APPLICATION=0 -DNDEBUG=1 -Os 	-I/home/physiii/esp/esp-idf/components/nvs_flash/test_nvs_host 	-I/home/physiii/esp/esp-idf/components/freertos/include     CMakeFiles/cmTC_23262.dir/CheckIncludeFile.c.o  -o cmTC_23262  
/home/physiii/esp/xtensa-esp32-elf/bin/../lib/gcc/xtensa-esp32-elf/5.2.0/../../../../xtensa-esp32-elf/bin/ld: warning: cannot find entry symbol _start; defaulting to 0000000000400054
make[3]: Leaving directory '/home/physiii/circuits/smart-regulator/code/build/libwebsockets/CMakeFiles/CMakeTmp'
make[2]: Leaving directory '/home/physiii/circuits/smart-regulator/code/build/libwebsockets/CMakeFiles/CMakeTmp'


Determining if the include file stdint.h exists passed with the following output:
Change Dir: /home/physiii/circuits/smart-regulator/code/build/libwebsockets/CMakeFiles/CMakeTmp

Run Build Command:"/usr/bin/make" "cmTC_0e1cc/fast"
make[2]: Entering directory '/home/physiii/circuits/smart-regulator/code/build/libwebsockets/CMakeFiles/CMakeTmp'
/usr/bin/make -f CMakeFiles/cmTC_0e1cc.dir/build.make CMakeFiles/cmTC_0e1cc.dir/build
make[3]: Entering directory '/home/physiii/circuits/smart-regulator/code/build/libwebsockets/CMakeFiles/CMakeTmp'
Building C object CMakeFiles/cmTC_0e1cc.dir/CheckIncludeFile.c.o
/home/physiii/esp/xtensa-esp32-elf/bin/../bin/xtensa-esp32-elf-gcc  -DKEYWORD=__inline  -nostdlib -Wall -Werror 	-I/home/physiii/circuits/smart-regulator/code/build/include 	-I/home/physiii/esp/esp-idf/components/mdns/include 	-I/home/physiii/esp/esp-idf/components/driver/include 	-I/home/physiii/esp/esp-idf/components/spi_flash/include 	-I/home/physiii/esp/esp-idf/components/nvs_flash/include 	-I/home/physiii/esp/esp-idf/components/tcpip_adapter/include 	-I/home/physiii/esp/esp-idf/components/lwip/include/lwip/posix 	-I/home/physiii/esp/esp-idf/components/lwip/include/lwip 	-I/home/physiii/esp/esp-idf/components/lwip/include/lwip/port 	-I/home/physiii/esp/esp-idf/components/esp32/include/ 	-I/home/physiii/esp/esp-idf/components/bootloader_support/include/ 	-I/home/physiii/esp/esp-idf/components/app_update/include/ 	-I/home/physiii/esp/esp-idf/components/soc/esp32/include/ 	-std=gnu99 -Os -ggdb -ffunction-sections -fdata-sections -fstrict-volatile-bitfields -mlongcalls -nostdlib -Wall -Werror=all -Wno-error=unused-function -Wno-error=unused-but-set-variable -Wno-error=unused-variable -Wno-error=deprecated-declarations -Wextra -Wno-unused-parameter -Wno-sign-compare -Wno-old-style-declaration -DWITH_POSIX -DMBEDTLS_CONFIG_FILE='mbedtls/esp_config.h' -DHAVE_CONFIG_H -I/home/physiii/circuits/smart-regulator/code/main/../components/libwebsockets/plugins  -DLWS_IS_FACTORY_APPLICATION=0 -DNDEBUG=1 -Os 	-I/home/physiii/esp/esp-idf/components/nvs_flash/test_nvs_host 	-I/home/physiii/esp/esp-idf/components/freertos/include    -o CMakeFiles/cmTC_0e1cc.dir/CheckIncludeFile.c.o   -c /home/physiii/circuits/smart-regulator/code/build/libwebsockets/CMakeFiles/CMakeTmp/CheckIncludeFile.c
Linking C executable cmTC_0e1cc
/usr/bin/cmake -E cmake_link_script CMakeFiles/cmTC_0e1cc.dir/link.txt --verbose=1
/home/physiii/esp/xtensa-esp32-elf/bin/../bin/xtensa-esp32-elf-gcc  -nostdlib -Wall -Werror 	-I/home/physiii/circuits/smart-regulator/code/build/include 	-I/home/physiii/esp/esp-idf/components/mdns/include 	-I/home/physiii/esp/esp-idf/components/driver/include 	-I/home/physiii/esp/esp-idf/components/spi_flash/include 	-I/home/physiii/esp/esp-idf/components/nvs_flash/include 	-I/home/physiii/esp/esp-idf/components/tcpip_adapter/include 	-I/home/physiii/esp/esp-idf/components/lwip/include/lwip/posix 	-I/home/physiii/esp/esp-idf/components/lwip/include/lwip 	-I/home/physiii/esp/esp-idf/components/lwip/include/lwip/port 	-I/home/physiii/esp/esp-idf/components/esp32/include/ 	-I/home/physiii/esp/esp-idf/components/bootloader_support/include/ 	-I/home/physiii/esp/esp-idf/components/app_update/include/ 	-I$(IDF_PATH)/components/soc/esp32/include/ 	-std=gnu99 -Os -ggdb -ffunction-sections -fdata-sections -fstrict-volatile-bitfields -mlongcalls -nostdlib -Wall -Werror=all -Wno-error=unused-function -Wno-error=unused-but-set-variable -Wno-error=unused-variable -Wno-error=deprecated-declarations -Wextra -Wno-unused-parameter -Wno-sign-compare -Wno-old-style-declaration -DWITH_POSIX -DMBEDTLS_CONFIG_FILE='mbedtls/esp_config.h' -DHAVE_CONFIG_H -I/home/physiii/circuits/smart-regulator/code/main/../components/libwebsockets/plugins  -DLWS_IS_FACTORY_APPLICATION=0 -DNDEBUG=1 -Os 	-I/home/physiii/esp/esp-idf/components/nvs_flash/test_nvs_host 	-I/home/physiii/esp/esp-idf/components/freertos/include     CMakeFiles/cmTC_0e1cc.dir/CheckIncludeFile.c.o  -o cmTC_0e1cc  
/home/physiii/esp/xtensa-esp32-elf/bin/../lib/gcc/xtensa-esp32-elf/5.2.0/../../../../xtensa-esp32-elf/bin/ld: warning: cannot find entry symbol _start; defaulting to 0000000000400054
make[3]: Leaving directory '/home/physiii/circuits/smart-regulator/code/build/libwebsockets/CMakeFiles/CMakeTmp'
make[2]: Leaving directory '/home/physiii/circuits/smart-regulator/code/build/libwebsockets/CMakeFiles/CMakeTmp'


Determining if the include file stdlib.h exists passed with the following output:
Change Dir: /home/physiii/circuits/smart-regulator/code/build/libwebsockets/CMakeFiles/CMakeTmp

Run Build Command:"/usr/bin/make" "cmTC_48178/fast"
make[2]: Entering directory '/home/physiii/circuits/smart-regulator/code/build/libwebsockets/CMakeFiles/CMakeTmp'
/usr/bin/make -f CMakeFiles/cmTC_48178.dir/build.make CMakeFiles/cmTC_48178.dir/build
make[3]: Entering directory '/home/physiii/circuits/smart-regulator/code/build/libwebsockets/CMakeFiles/CMakeTmp'
Building C object CMakeFiles/cmTC_48178.dir/CheckIncludeFile.c.o
/home/physiii/esp/xtensa-esp32-elf/bin/../bin/xtensa-esp32-elf-gcc  -DKEYWORD=__inline  -nostdlib -Wall -Werror 	-I/home/physiii/circuits/smart-regulator/code/build/include 	-I/home/physiii/esp/esp-idf/components/mdns/include 	-I/home/physiii/esp/esp-idf/components/driver/include 	-I/home/physiii/esp/esp-idf/components/spi_flash/include 	-I/home/physiii/esp/esp-idf/components/nvs_flash/include 	-I/home/physiii/esp/esp-idf/components/tcpip_adapter/include 	-I/home/physiii/esp/esp-idf/components/lwip/include/lwip/posix 	-I/home/physiii/esp/esp-idf/components/lwip/include/lwip 	-I/home/physiii/esp/esp-idf/components/lwip/include/lwip/port 	-I/home/physiii/esp/esp-idf/components/esp32/include/ 	-I/home/physiii/esp/esp-idf/components/bootloader_support/include/ 	-I/home/physiii/esp/esp-idf/components/app_update/include/ 	-I/home/physiii/esp/esp-idf/components/soc/esp32/include/ 	-std=gnu99 -Os -ggdb -ffunction-sections -fdata-sections -fstrict-volatile-bitfields -mlongcalls -nostdlib -Wall -Werror=all -Wno-error=unused-function -Wno-error=unused-but-set-variable -Wno-error=unused-variable -Wno-error=deprecated-declarations -Wextra -Wno-unused-parameter -Wno-sign-compare -Wno-old-style-declaration -DWITH_POSIX -DMBEDTLS_CONFIG_FILE='mbedtls/esp_config.h' -DHAVE_CONFIG_H -I/home/physiii/circuits/smart-regulator/code/main/../components/libwebsockets/plugins  -DLWS_IS_FACTORY_APPLICATION=0 -DNDEBUG=1 -Os 	-I/home/physiii/esp/esp-idf/components/nvs_flash/test_nvs_host 	-I/home/physiii/esp/esp-idf/components/freertos/include    -o CMakeFiles/cmTC_48178.dir/CheckIncludeFile.c.o   -c /home/physiii/circuits/smart-regulator/code/build/libwebsockets/CMakeFiles/CMakeTmp/CheckIncludeFile.c
Linking C executable cmTC_48178
/usr/bin/cmake -E cmake_link_script CMakeFiles/cmTC_48178.dir/link.txt --verbose=1
/home/physiii/esp/xtensa-esp32-elf/bin/../bin/xtensa-esp32-elf-gcc  -nostdlib -Wall -Werror 	-I/home/physiii/circuits/smart-regulator/code/build/include 	-I/home/physiii/esp/esp-idf/components/mdns/include 	-I/home/physiii/esp/esp-idf/components/driver/include 	-I/home/physiii/esp/esp-idf/components/spi_flash/include 	-I/home/physiii/esp/esp-idf/components/nvs_flash/include 	-I/home/physiii/esp/esp-idf/components/tcpip_adapter/include 	-I/home/physiii/esp/esp-idf/components/lwip/include/lwip/posix 	-I/home/physiii/esp/esp-idf/components/lwip/include/lwip 	-I/home/physiii/esp/esp-idf/components/lwip/include/lwip/port 	-I/home/physiii/esp/esp-idf/components/esp32/include/ 	-I/home/physiii/esp/esp-idf/components/bootloader_support/include/ 	-I/home/physiii/esp/esp-idf/components/app_update/include/ 	-I$(IDF_PATH)/components/soc/esp32/include/ 	-std=gnu99 -Os -ggdb -ffunction-sections -fdata-sections -fstrict-volatile-bitfields -mlongcalls -nostdlib -Wall -Werror=all -Wno-error=unused-function -Wno-error=unused-but-set-variable -Wno-error=unused-variable -Wno-error=deprecated-declarations -Wextra -Wno-unused-parameter -Wno-sign-compare -Wno-old-style-declaration -DWITH_POSIX -DMBEDTLS_CONFIG_FILE='mbedtls/esp_config.h' -DHAVE_CONFIG_H -I/home/physiii/circuits/smart-regulator/code/main/../components/libwebsockets/plugins  -DLWS_IS_FACTORY_APPLICATION=0 -DNDEBUG=1 -Os 	-I/home/physiii/esp/esp-idf/components/nvs_flash/test_nvs_host 	-I/home/physiii/esp/esp-idf/components/freertos/include     CMakeFiles/cmTC_48178.dir/CheckIncludeFile.c.o  -o cmTC_48178  
/home/physiii/esp/xtensa-esp32-elf/bin/../lib/gcc/xtensa-esp32-elf/5.2.0/../../../../xtensa-esp32-elf/bin/ld: warning: cannot find entry symbol _start; defaulting to 0000000000400054
make[3]: Leaving directory '/home/physiii/circuits/smart-regulator/code/build/libwebsockets/CMakeFiles/CMakeTmp'
make[2]: Leaving directory '/home/physiii/circuits/smart-regulator/code/build/libwebsockets/CMakeFiles/CMakeTmp'


Determining if the include file strings.h exists passed with the following output:
Change Dir: /home/physiii/circuits/smart-regulator/code/build/libwebsockets/CMakeFiles/CMakeTmp

Run Build Command:"/usr/bin/make" "cmTC_122fd/fast"
make[2]: Entering directory '/home/physiii/circuits/smart-regulator/code/build/libwebsockets/CMakeFiles/CMakeTmp'
/usr/bin/make -f CMakeFiles/cmTC_122fd.dir/build.make CMakeFiles/cmTC_122fd.dir/build
make[3]: Entering directory '/home/physiii/circuits/smart-regulator/code/build/libwebsockets/CMakeFiles/CMakeTmp'
Building C object CMakeFiles/cmTC_122fd.dir/CheckIncludeFile.c.o
/home/physiii/esp/xtensa-esp32-elf/bin/../bin/xtensa-esp32-elf-gcc  -DKEYWORD=__inline  -nostdlib -Wall -Werror 	-I/home/physiii/circuits/smart-regulator/code/build/include 	-I/home/physiii/esp/esp-idf/components/mdns/include 	-I/home/physiii/esp/esp-idf/components/driver/include 	-I/home/physiii/esp/esp-idf/components/spi_flash/include 	-I/home/physiii/esp/esp-idf/components/nvs_flash/include 	-I/home/physiii/esp/esp-idf/components/tcpip_adapter/include 	-I/home/physiii/esp/esp-idf/components/lwip/include/lwip/posix 	-I/home/physiii/esp/esp-idf/components/lwip/include/lwip 	-I/home/physiii/esp/esp-idf/components/lwip/include/lwip/port 	-I/home/physiii/esp/esp-idf/components/esp32/include/ 	-I/home/physiii/esp/esp-idf/components/bootloader_support/include/ 	-I/home/physiii/esp/esp-idf/components/app_update/include/ 	-I/home/physiii/esp/esp-idf/components/soc/esp32/include/ 	-std=gnu99 -Os -ggdb -ffunction-sections -fdata-sections -fstrict-volatile-bitfields -mlongcalls -nostdlib -Wall -Werror=all -Wno-error=unused-function -Wno-error=unused-but-set-variable -Wno-error=unused-variable -Wno-error=deprecated-declarations -Wextra -Wno-unused-parameter -Wno-sign-compare -Wno-old-style-declaration -DWITH_POSIX -DMBEDTLS_CONFIG_FILE='mbedtls/esp_config.h' -DHAVE_CONFIG_H -I/home/physiii/circuits/smart-regulator/code/main/../components/libwebsockets/plugins  -DLWS_IS_FACTORY_APPLICATION=0 -DNDEBUG=1 -Os 	-I/home/physiii/esp/esp-idf/components/nvs_flash/test_nvs_host 	-I/home/physiii/esp/esp-idf/components/freertos/include    -o CMakeFiles/cmTC_122fd.dir/CheckIncludeFile.c.o   -c /home/physiii/circuits/smart-regulator/code/build/libwebsockets/CMakeFiles/CMakeTmp/CheckIncludeFile.c
Linking C executable cmTC_122fd
/usr/bin/cmake -E cmake_link_script CMakeFiles/cmTC_122fd.dir/link.txt --verbose=1
/home/physiii/esp/xtensa-esp32-elf/bin/../bin/xtensa-esp32-elf-gcc  -nostdlib -Wall -Werror 	-I/home/physiii/circuits/smart-regulator/code/build/include 	-I/home/physiii/esp/esp-idf/components/mdns/include 	-I/home/physiii/esp/esp-idf/components/driver/include 	-I/home/physiii/esp/esp-idf/components/spi_flash/include 	-I/home/physiii/esp/esp-idf/components/nvs_flash/include 	-I/home/physiii/esp/esp-idf/components/tcpip_adapter/include 	-I/home/physiii/esp/esp-idf/components/lwip/include/lwip/posix 	-I/home/physiii/esp/esp-idf/components/lwip/include/lwip 	-I/home/physiii/esp/esp-idf/components/lwip/include/lwip/port 	-I/home/physiii/esp/esp-idf/components/esp32/include/ 	-I/home/physiii/esp/esp-idf/components/bootloader_support/include/ 	-I/home/physiii/esp/esp-idf/components/app_update/include/ 	-I$(IDF_PATH)/components/soc/esp32/include/ 	-std=gnu99 -Os -ggdb -ffunction-sections -fdata-sections -fstrict-volatile-bitfields -mlongcalls -nostdlib -Wall -Werror=all -Wno-error=unused-function -Wno-error=unused-but-set-variable -Wno-error=unused-variable -Wno-error=deprecated-declarations -Wextra -Wno-unused-parameter -Wno-sign-compare -Wno-old-style-declaration -DWITH_POSIX -DMBEDTLS_CONFIG_FILE='mbedtls/esp_config.h' -DHAVE_CONFIG_H -I/home/physiii/circuits/smart-regulator/code/main/../components/libwebsockets/plugins  -DLWS_IS_FACTORY_APPLICATION=0 -DNDEBUG=1 -Os 	-I/home/physiii/esp/esp-idf/components/nvs_flash/test_nvs_host 	-I/home/physiii/esp/esp-idf/components/freertos/include     CMakeFiles/cmTC_122fd.dir/CheckIncludeFile.c.o  -o cmTC_122fd  
/home/physiii/esp/xtensa-esp32-elf/bin/../lib/gcc/xtensa-esp32-elf/5.2.0/../../../../xtensa-esp32-elf/bin/ld: warning: cannot find entry symbol _start; defaulting to 0000000000400054
make[3]: Leaving directory '/home/physiii/circuits/smart-regulator/code/build/libwebsockets/CMakeFiles/CMakeTmp'
make[2]: Leaving directory '/home/physiii/circuits/smart-regulator/code/build/libwebsockets/CMakeFiles/CMakeTmp'


Determining if the include file string.h exists passed with the following output:
Change Dir: /home/physiii/circuits/smart-regulator/code/build/libwebsockets/CMakeFiles/CMakeTmp

Run Build Command:"/usr/bin/make" "cmTC_c9589/fast"
make[2]: Entering directory '/home/physiii/circuits/smart-regulator/code/build/libwebsockets/CMakeFiles/CMakeTmp'
/usr/bin/make -f CMakeFiles/cmTC_c9589.dir/build.make CMakeFiles/cmTC_c9589.dir/build
make[3]: Entering directory '/home/physiii/circuits/smart-regulator/code/build/libwebsockets/CMakeFiles/CMakeTmp'
Building C object CMakeFiles/cmTC_c9589.dir/CheckIncludeFile.c.o
/home/physiii/esp/xtensa-esp32-elf/bin/../bin/xtensa-esp32-elf-gcc  -DKEYWORD=__inline  -nostdlib -Wall -Werror 	-I/home/physiii/circuits/smart-regulator/code/build/include 	-I/home/physiii/esp/esp-idf/components/mdns/include 	-I/home/physiii/esp/esp-idf/components/driver/include 	-I/home/physiii/esp/esp-idf/components/spi_flash/include 	-I/home/physiii/esp/esp-idf/components/nvs_flash/include 	-I/home/physiii/esp/esp-idf/components/tcpip_adapter/include 	-I/home/physiii/esp/esp-idf/components/lwip/include/lwip/posix 	-I/home/physiii/esp/esp-idf/components/lwip/include/lwip 	-I/home/physiii/esp/esp-idf/components/lwip/include/lwip/port 	-I/home/physiii/esp/esp-idf/components/esp32/include/ 	-I/home/physiii/esp/esp-idf/components/bootloader_support/include/ 	-I/home/physiii/esp/esp-idf/components/app_update/include/ 	-I/home/physiii/esp/esp-idf/components/soc/esp32/include/ 	-std=gnu99 -Os -ggdb -ffunction-sections -fdata-sections -fstrict-volatile-bitfields -mlongcalls -nostdlib -Wall -Werror=all -Wno-error=unused-function -Wno-error=unused-but-set-variable -Wno-error=unused-variable -Wno-error=deprecated-declarations -Wextra -Wno-unused-parameter -Wno-sign-compare -Wno-old-style-declaration -DWITH_POSIX -DMBEDTLS_CONFIG_FILE='mbedtls/esp_config.h' -DHAVE_CONFIG_H -I/home/physiii/circuits/smart-regulator/code/main/../components/libwebsockets/plugins  -DLWS_IS_FACTORY_APPLICATION=0 -DNDEBUG=1 -Os 	-I/home/physiii/esp/esp-idf/components/nvs_flash/test_nvs_host 	-I/home/physiii/esp/esp-idf/components/freertos/include    -o CMakeFiles/cmTC_c9589.dir/CheckIncludeFile.c.o   -c /home/physiii/circuits/smart-regulator/code/build/libwebsockets/CMakeFiles/CMakeTmp/CheckIncludeFile.c
Linking C executable cmTC_c9589
/usr/bin/cmake -E cmake_link_script CMakeFiles/cmTC_c9589.dir/link.txt --verbose=1
/home/physiii/esp/xtensa-esp32-elf/bin/../bin/xtensa-esp32-elf-gcc  -nostdlib -Wall -Werror 	-I/home/physiii/circuits/smart-regulator/code/build/include 	-I/home/physiii/esp/esp-idf/components/mdns/include 	-I/home/physiii/esp/esp-idf/components/driver/include 	-I/home/physiii/esp/esp-idf/components/spi_flash/include 	-I/home/physiii/esp/esp-idf/components/nvs_flash/include 	-I/home/physiii/esp/esp-idf/components/tcpip_adapter/include 	-I/home/physiii/esp/esp-idf/components/lwip/include/lwip/posix 	-I/home/physiii/esp/esp-idf/components/lwip/include/lwip 	-I/home/physiii/esp/esp-idf/components/lwip/include/lwip/port 	-I/home/physiii/esp/esp-idf/components/esp32/include/ 	-I/home/physiii/esp/esp-idf/components/bootloader_support/include/ 	-I/home/physiii/esp/esp-idf/components/app_update/include/ 	-I$(IDF_PATH)/components/soc/esp32/include/ 	-std=gnu99 -Os -ggdb -ffunction-sections -fdata-sections -fstrict-volatile-bitfields -mlongcalls -nostdlib -Wall -Werror=all -Wno-error=unused-function -Wno-error=unused-but-set-variable -Wno-error=unused-variable -Wno-error=deprecated-declarations -Wextra -Wno-unused-parameter -Wno-sign-compare -Wno-old-style-declaration -DWITH_POSIX -DMBEDTLS_CONFIG_FILE='mbedtls/esp_config.h' -DHAVE_CONFIG_H -I/home/physiii/circuits/smart-regulator/code/main/../components/libwebsockets/plugins  -DLWS_IS_FACTORY_APPLICATION=0 -DNDEBUG=1 -Os 	-I/home/physiii/esp/esp-idf/components/nvs_flash/test_nvs_host 	-I/home/physiii/esp/esp-idf/components/freertos/include     CMakeFiles/cmTC_c9589.dir/CheckIncludeFile.c.o  -o cmTC_c9589  
/home/physiii/esp/xtensa-esp32-elf/bin/../lib/gcc/xtensa-esp32-elf/5.2.0/../../../../xtensa-esp32-elf/bin/ld: warning: cannot find entry symbol _start; defaulting to 0000000000400054
make[3]: Leaving directory '/home/physiii/circuits/smart-regulator/code/build/libwebsockets/CMakeFiles/CMakeTmp'
make[2]: Leaving directory '/home/physiii/circuits/smart-regulator/code/build/libwebsockets/CMakeFiles/CMakeTmp'


Determining if the include file sys/socket.h exists passed with the following output:
Change Dir: /home/physiii/circuits/smart-regulator/code/build/libwebsockets/CMakeFiles/CMakeTmp

Run Build Command:"/usr/bin/make" "cmTC_dab95/fast"
make[2]: Entering directory '/home/physiii/circuits/smart-regulator/code/build/libwebsockets/CMakeFiles/CMakeTmp'
/usr/bin/make -f CMakeFiles/cmTC_dab95.dir/build.make CMakeFiles/cmTC_dab95.dir/build
make[3]: Entering directory '/home/physiii/circuits/smart-regulator/code/build/libwebsockets/CMakeFiles/CMakeTmp'
Building C object CMakeFiles/cmTC_dab95.dir/CheckIncludeFile.c.o
/home/physiii/esp/xtensa-esp32-elf/bin/../bin/xtensa-esp32-elf-gcc  -DKEYWORD=__inline  -nostdlib -Wall -Werror 	-I/home/physiii/circuits/smart-regulator/code/build/include 	-I/home/physiii/esp/esp-idf/components/mdns/include 	-I/home/physiii/esp/esp-idf/components/driver/include 	-I/home/physiii/esp/esp-idf/components/spi_flash/include 	-I/home/physiii/esp/esp-idf/components/nvs_flash/include 	-I/home/physiii/esp/esp-idf/components/tcpip_adapter/include 	-I/home/physiii/esp/esp-idf/components/lwip/include/lwip/posix 	-I/home/physiii/esp/esp-idf/components/lwip/include/lwip 	-I/home/physiii/esp/esp-idf/components/lwip/include/lwip/port 	-I/home/physiii/esp/esp-idf/components/esp32/include/ 	-I/home/physiii/esp/esp-idf/components/bootloader_support/include/ 	-I/home/physiii/esp/esp-idf/components/app_update/include/ 	-I/home/physiii/esp/esp-idf/components/soc/esp32/include/ 	-std=gnu99 -Os -ggdb -ffunction-sections -fdata-sections -fstrict-volatile-bitfields -mlongcalls -nostdlib -Wall -Werror=all -Wno-error=unused-function -Wno-error=unused-but-set-variable -Wno-error=unused-variable -Wno-error=deprecated-declarations -Wextra -Wno-unused-parameter -Wno-sign-compare -Wno-old-style-declaration -DWITH_POSIX -DMBEDTLS_CONFIG_FILE='mbedtls/esp_config.h' -DHAVE_CONFIG_H -I/home/physiii/circuits/smart-regulator/code/main/../components/libwebsockets/plugins  -DLWS_IS_FACTORY_APPLICATION=0 -DNDEBUG=1 -Os 	-I/home/physiii/esp/esp-idf/components/nvs_flash/test_nvs_host 	-I/home/physiii/esp/esp-idf/components/freertos/include    -o CMakeFiles/cmTC_dab95.dir/CheckIncludeFile.c.o   -c /home/physiii/circuits/smart-regulator/code/build/libwebsockets/CMakeFiles/CMakeTmp/CheckIncludeFile.c
Linking C executable cmTC_dab95
/usr/bin/cmake -E cmake_link_script CMakeFiles/cmTC_dab95.dir/link.txt --verbose=1
/home/physiii/esp/xtensa-esp32-elf/bin/../bin/xtensa-esp32-elf-gcc  -nostdlib -Wall -Werror 	-I/home/physiii/circuits/smart-regulator/code/build/include 	-I/home/physiii/esp/esp-idf/components/mdns/include 	-I/home/physiii/esp/esp-idf/components/driver/include 	-I/home/physiii/esp/esp-idf/components/spi_flash/include 	-I/home/physiii/esp/esp-idf/components/nvs_flash/include 	-I/home/physiii/esp/esp-idf/components/tcpip_adapter/include 	-I/home/physiii/esp/esp-idf/components/lwip/include/lwip/posix 	-I/home/physiii/esp/esp-idf/components/lwip/include/lwip 	-I/home/physiii/esp/esp-idf/components/lwip/include/lwip/port 	-I/home/physiii/esp/esp-idf/components/esp32/include/ 	-I/home/physiii/esp/esp-idf/components/bootloader_support/include/ 	-I/home/physiii/esp/esp-idf/components/app_update/include/ 	-I$(IDF_PATH)/components/soc/esp32/include/ 	-std=gnu99 -Os -ggdb -ffunction-sections -fdata-sections -fstrict-volatile-bitfields -mlongcalls -nostdlib -Wall -Werror=all -Wno-error=unused-function -Wno-error=unused-but-set-variable -Wno-error=unused-variable -Wno-error=deprecated-declarations -Wextra -Wno-unused-parameter -Wno-sign-compare -Wno-old-style-declaration -DWITH_POSIX -DMBEDTLS_CONFIG_FILE='mbedtls/esp_config.h' -DHAVE_CONFIG_H -I/home/physiii/circuits/smart-regulator/code/main/../components/libwebsockets/plugins  -DLWS_IS_FACTORY_APPLICATION=0 -DNDEBUG=1 -Os 	-I/home/physiii/esp/esp-idf/components/nvs_flash/test_nvs_host 	-I/home/physiii/esp/esp-idf/components/freertos/include     CMakeFiles/cmTC_dab95.dir/CheckIncludeFile.c.o  -o cmTC_dab95  
/home/physiii/esp/xtensa-esp32-elf/bin/../lib/gcc/xtensa-esp32-elf/5.2.0/../../../../xtensa-esp32-elf/bin/ld: warning: cannot find entry symbol _start; defaulting to 0000000000400054
make[3]: Leaving directory '/home/physiii/circuits/smart-regulator/code/build/libwebsockets/CMakeFiles/CMakeTmp'
make[2]: Leaving directory '/home/physiii/circuits/smart-regulator/code/build/libwebsockets/CMakeFiles/CMakeTmp'


Determining if the include file sys/stat.h exists passed with the following output:
Change Dir: /home/physiii/circuits/smart-regulator/code/build/libwebsockets/CMakeFiles/CMakeTmp

Run Build Command:"/usr/bin/make" "cmTC_5a95e/fast"
make[2]: Entering directory '/home/physiii/circuits/smart-regulator/code/build/libwebsockets/CMakeFiles/CMakeTmp'
/usr/bin/make -f CMakeFiles/cmTC_5a95e.dir/build.make CMakeFiles/cmTC_5a95e.dir/build
make[3]: Entering directory '/home/physiii/circuits/smart-regulator/code/build/libwebsockets/CMakeFiles/CMakeTmp'
Building C object CMakeFiles/cmTC_5a95e.dir/CheckIncludeFile.c.o
/home/physiii/esp/xtensa-esp32-elf/bin/../bin/xtensa-esp32-elf-gcc  -DKEYWORD=__inline  -nostdlib -Wall -Werror 	-I/home/physiii/circuits/smart-regulator/code/build/include 	-I/home/physiii/esp/esp-idf/components/mdns/include 	-I/home/physiii/esp/esp-idf/components/driver/include 	-I/home/physiii/esp/esp-idf/components/spi_flash/include 	-I/home/physiii/esp/esp-idf/components/nvs_flash/include 	-I/home/physiii/esp/esp-idf/components/tcpip_adapter/include 	-I/home/physiii/esp/esp-idf/components/lwip/include/lwip/posix 	-I/home/physiii/esp/esp-idf/components/lwip/include/lwip 	-I/home/physiii/esp/esp-idf/components/lwip/include/lwip/port 	-I/home/physiii/esp/esp-idf/components/esp32/include/ 	-I/home/physiii/esp/esp-idf/components/bootloader_support/include/ 	-I/home/physiii/esp/esp-idf/components/app_update/include/ 	-I/home/physiii/esp/esp-idf/components/soc/esp32/include/ 	-std=gnu99 -Os -ggdb -ffunction-sections -fdata-sections -fstrict-volatile-bitfields -mlongcalls -nostdlib -Wall -Werror=all -Wno-error=unused-function -Wno-error=unused-but-set-variable -Wno-error=unused-variable -Wno-error=deprecated-declarations -Wextra -Wno-unused-parameter -Wno-sign-compare -Wno-old-style-declaration -DWITH_POSIX -DMBEDTLS_CONFIG_FILE='mbedtls/esp_config.h' -DHAVE_CONFIG_H -I/home/physiii/circuits/smart-regulator/code/main/../components/libwebsockets/plugins  -DLWS_IS_FACTORY_APPLICATION=0 -DNDEBUG=1 -Os 	-I/home/physiii/esp/esp-idf/components/nvs_flash/test_nvs_host 	-I/home/physiii/esp/esp-idf/components/freertos/include    -o CMakeFiles/cmTC_5a95e.dir/CheckIncludeFile.c.o   -c /home/physiii/circuits/smart-regulator/code/build/libwebsockets/CMakeFiles/CMakeTmp/CheckIncludeFile.c
Linking C executable cmTC_5a95e
/usr/bin/cmake -E cmake_link_script CMakeFiles/cmTC_5a95e.dir/link.txt --verbose=1
/home/physiii/esp/xtensa-esp32-elf/bin/../bin/xtensa-esp32-elf-gcc  -nostdlib -Wall -Werror 	-I/home/physiii/circuits/smart-regulator/code/build/include 	-I/home/physiii/esp/esp-idf/components/mdns/include 	-I/home/physiii/esp/esp-idf/components/driver/include 	-I/home/physiii/esp/esp-idf/components/spi_flash/include 	-I/home/physiii/esp/esp-idf/components/nvs_flash/include 	-I/home/physiii/esp/esp-idf/components/tcpip_adapter/include 	-I/home/physiii/esp/esp-idf/components/lwip/include/lwip/posix 	-I/home/physiii/esp/esp-idf/components/lwip/include/lwip 	-I/home/physiii/esp/esp-idf/components/lwip/include/lwip/port 	-I/home/physiii/esp/esp-idf/components/esp32/include/ 	-I/home/physiii/esp/esp-idf/components/bootloader_support/include/ 	-I/home/physiii/esp/esp-idf/components/app_update/include/ 	-I$(IDF_PATH)/components/soc/esp32/include/ 	-std=gnu99 -Os -ggdb -ffunction-sections -fdata-sections -fstrict-volatile-bitfields -mlongcalls -nostdlib -Wall -Werror=all -Wno-error=unused-function -Wno-error=unused-but-set-variable -Wno-error=unused-variable -Wno-error=deprecated-declarations -Wextra -Wno-unused-parameter -Wno-sign-compare -Wno-old-style-declaration -DWITH_POSIX -DMBEDTLS_CONFIG_FILE='mbedtls/esp_config.h' -DHAVE_CONFIG_H -I/home/physiii/circuits/smart-regulator/code/main/../components/libwebsockets/plugins  -DLWS_IS_FACTORY_APPLICATION=0 -DNDEBUG=1 -Os 	-I/home/physiii/esp/esp-idf/components/nvs_flash/test_nvs_host 	-I/home/physiii/esp/esp-idf/components/freertos/include     CMakeFiles/cmTC_5a95e.dir/CheckIncludeFile.c.o  -o cmTC_5a95e  
/home/physiii/esp/xtensa-esp32-elf/bin/../lib/gcc/xtensa-esp32-elf/5.2.0/../../../../xtensa-esp32-elf/bin/ld: warning: cannot find entry symbol _start; defaulting to 0000000000400054
make[3]: Leaving directory '/home/physiii/circuits/smart-regulator/code/build/libwebsockets/CMakeFiles/CMakeTmp'
make[2]: Leaving directory '/home/physiii/circuits/smart-regulator/code/build/libwebsockets/CMakeFiles/CMakeTmp'


Determining if the include file sys/types.h exists passed with the following output:
Change Dir: /home/physiii/circuits/smart-regulator/code/build/libwebsockets/CMakeFiles/CMakeTmp

Run Build Command:"/usr/bin/make" "cmTC_3d17d/fast"
make[2]: Entering directory '/home/physiii/circuits/smart-regulator/code/build/libwebsockets/CMakeFiles/CMakeTmp'
/usr/bin/make -f CMakeFiles/cmTC_3d17d.dir/build.make CMakeFiles/cmTC_3d17d.dir/build
make[3]: Entering directory '/home/physiii/circuits/smart-regulator/code/build/libwebsockets/CMakeFiles/CMakeTmp'
Building C object CMakeFiles/cmTC_3d17d.dir/CheckIncludeFile.c.o
/home/physiii/esp/xtensa-esp32-elf/bin/../bin/xtensa-esp32-elf-gcc  -DKEYWORD=__inline  -nostdlib -Wall -Werror 	-I/home/physiii/circuits/smart-regulator/code/build/include 	-I/home/physiii/esp/esp-idf/components/mdns/include 	-I/home/physiii/esp/esp-idf/components/driver/include 	-I/home/physiii/esp/esp-idf/components/spi_flash/include 	-I/home/physiii/esp/esp-idf/components/nvs_flash/include 	-I/home/physiii/esp/esp-idf/components/tcpip_adapter/include 	-I/home/physiii/esp/esp-idf/components/lwip/include/lwip/posix 	-I/home/physiii/esp/esp-idf/components/lwip/include/lwip 	-I/home/physiii/esp/esp-idf/components/lwip/include/lwip/port 	-I/home/physiii/esp/esp-idf/components/esp32/include/ 	-I/home/physiii/esp/esp-idf/components/bootloader_support/include/ 	-I/home/physiii/esp/esp-idf/components/app_update/include/ 	-I/home/physiii/esp/esp-idf/components/soc/esp32/include/ 	-std=gnu99 -Os -ggdb -ffunction-sections -fdata-sections -fstrict-volatile-bitfields -mlongcalls -nostdlib -Wall -Werror=all -Wno-error=unused-function -Wno-error=unused-but-set-variable -Wno-error=unused-variable -Wno-error=deprecated-declarations -Wextra -Wno-unused-parameter -Wno-sign-compare -Wno-old-style-declaration -DWITH_POSIX -DMBEDTLS_CONFIG_FILE='mbedtls/esp_config.h' -DHAVE_CONFIG_H -I/home/physiii/circuits/smart-regulator/code/main/../components/libwebsockets/plugins  -DLWS_IS_FACTORY_APPLICATION=0 -DNDEBUG=1 -Os 	-I/home/physiii/esp/esp-idf/components/nvs_flash/test_nvs_host 	-I/home/physiii/esp/esp-idf/components/freertos/include    -o CMakeFiles/cmTC_3d17d.dir/CheckIncludeFile.c.o   -c /home/physiii/circuits/smart-regulator/code/build/libwebsockets/CMakeFiles/CMakeTmp/CheckIncludeFile.c
Linking C executable cmTC_3d17d
/usr/bin/cmake -E cmake_link_script CMakeFiles/cmTC_3d17d.dir/link.txt --verbose=1
/home/physiii/esp/xtensa-esp32-elf/bin/../bin/xtensa-esp32-elf-gcc  -nostdlib -Wall -Werror 	-I/home/physiii/circuits/smart-regulator/code/build/include 	-I/home/physiii/esp/esp-idf/components/mdns/include 	-I/home/physiii/esp/esp-idf/components/driver/include 	-I/home/physiii/esp/esp-idf/components/spi_flash/include 	-I/home/physiii/esp/esp-idf/components/nvs_flash/include 	-I/home/physiii/esp/esp-idf/components/tcpip_adapter/include 	-I/home/physiii/esp/esp-idf/components/lwip/include/lwip/posix 	-I/home/physiii/esp/esp-idf/components/lwip/include/lwip 	-I/home/physiii/esp/esp-idf/components/lwip/include/lwip/port 	-I/home/physiii/esp/esp-idf/components/esp32/include/ 	-I/home/physiii/esp/esp-idf/components/bootloader_support/include/ 	-I/home/physiii/esp/esp-idf/components/app_update/include/ 	-I$(IDF_PATH)/components/soc/esp32/include/ 	-std=gnu99 -Os -ggdb -ffunction-sections -fdata-sections -fstrict-volatile-bitfields -mlongcalls -nostdlib -Wall -Werror=all -Wno-error=unused-function -Wno-error=unused-but-set-variable -Wno-error=unused-variable -Wno-error=deprecated-declarations -Wextra -Wno-unused-parameter -Wno-sign-compare -Wno-old-style-declaration -DWITH_POSIX -DMBEDTLS_CONFIG_FILE='mbedtls/esp_config.h' -DHAVE_CONFIG_H -I/home/physiii/circuits/smart-regulator/code/main/../components/libwebsockets/plugins  -DLWS_IS_FACTORY_APPLICATION=0 -DNDEBUG=1 -Os 	-I/home/physiii/esp/esp-idf/components/nvs_flash/test_nvs_host 	-I/home/physiii/esp/esp-idf/components/freertos/include     CMakeFiles/cmTC_3d17d.dir/CheckIncludeFile.c.o  -o cmTC_3d17d  
/home/physiii/esp/xtensa-esp32-elf/bin/../lib/gcc/xtensa-esp32-elf/5.2.0/../../../../xtensa-esp32-elf/bin/ld: warning: cannot find entry symbol _start; defaulting to 0000000000400054
make[3]: Leaving directory '/home/physiii/circuits/smart-regulator/code/build/libwebsockets/CMakeFiles/CMakeTmp'
make[2]: Leaving directory '/home/physiii/circuits/smart-regulator/code/build/libwebsockets/CMakeFiles/CMakeTmp'


Determining if the include file unistd.h exists passed with the following output:
Change Dir: /home/physiii/circuits/smart-regulator/code/build/libwebsockets/CMakeFiles/CMakeTmp

Run Build Command:"/usr/bin/make" "cmTC_b6ebd/fast"
make[2]: Entering directory '/home/physiii/circuits/smart-regulator/code/build/libwebsockets/CMakeFiles/CMakeTmp'
/usr/bin/make -f CMakeFiles/cmTC_b6ebd.dir/build.make CMakeFiles/cmTC_b6ebd.dir/build
make[3]: Entering directory '/home/physiii/circuits/smart-regulator/code/build/libwebsockets/CMakeFiles/CMakeTmp'
Building C object CMakeFiles/cmTC_b6ebd.dir/CheckIncludeFile.c.o
/home/physiii/esp/xtensa-esp32-elf/bin/../bin/xtensa-esp32-elf-gcc  -DKEYWORD=__inline  -nostdlib -Wall -Werror 	-I/home/physiii/circuits/smart-regulator/code/build/include 	-I/home/physiii/esp/esp-idf/components/mdns/include 	-I/home/physiii/esp/esp-idf/components/driver/include 	-I/home/physiii/esp/esp-idf/components/spi_flash/include 	-I/home/physiii/esp/esp-idf/components/nvs_flash/include 	-I/home/physiii/esp/esp-idf/components/tcpip_adapter/include 	-I/home/physiii/esp/esp-idf/components/lwip/include/lwip/posix 	-I/home/physiii/esp/esp-idf/components/lwip/include/lwip 	-I/home/physiii/esp/esp-idf/components/lwip/include/lwip/port 	-I/home/physiii/esp/esp-idf/components/esp32/include/ 	-I/home/physiii/esp/esp-idf/components/bootloader_support/include/ 	-I/home/physiii/esp/esp-idf/components/app_update/include/ 	-I/home/physiii/esp/esp-idf/components/soc/esp32/include/ 	-std=gnu99 -Os -ggdb -ffunction-sections -fdata-sections -fstrict-volatile-bitfields -mlongcalls -nostdlib -Wall -Werror=all -Wno-error=unused-function -Wno-error=unused-but-set-variable -Wno-error=unused-variable -Wno-error=deprecated-declarations -Wextra -Wno-unused-parameter -Wno-sign-compare -Wno-old-style-declaration -DWITH_POSIX -DMBEDTLS_CONFIG_FILE='mbedtls/esp_config.h' -DHAVE_CONFIG_H -I/home/physiii/circuits/smart-regulator/code/main/../components/libwebsockets/plugins  -DLWS_IS_FACTORY_APPLICATION=0 -DNDEBUG=1 -Os 	-I/home/physiii/esp/esp-idf/components/nvs_flash/test_nvs_host 	-I/home/physiii/esp/esp-idf/components/freertos/include    -o CMakeFiles/cmTC_b6ebd.dir/CheckIncludeFile.c.o   -c /home/physiii/circuits/smart-regulator/code/build/libwebsockets/CMakeFiles/CMakeTmp/CheckIncludeFile.c
Linking C executable cmTC_b6ebd
/usr/bin/cmake -E cmake_link_script CMakeFiles/cmTC_b6ebd.dir/link.txt --verbose=1
/home/physiii/esp/xtensa-esp32-elf/bin/../bin/xtensa-esp32-elf-gcc  -nostdlib -Wall -Werror 	-I/home/physiii/circuits/smart-regulator/code/build/include 	-I/home/physiii/esp/esp-idf/components/mdns/include 	-I/home/physiii/esp/esp-idf/components/driver/include 	-I/home/physiii/esp/esp-idf/components/spi_flash/include 	-I/home/physiii/esp/esp-idf/components/nvs_flash/include 	-I/home/physiii/esp/esp-idf/components/tcpip_adapter/include 	-I/home/physiii/esp/esp-idf/components/lwip/include/lwip/posix 	-I/home/physiii/esp/esp-idf/components/lwip/include/lwip 	-I/home/physiii/esp/esp-idf/components/lwip/include/lwip/port 	-I/home/physiii/esp/esp-idf/components/esp32/include/ 	-I/home/physiii/esp/esp-idf/components/bootloader_support/include/ 	-I/home/physiii/esp/esp-idf/components/app_update/include/ 	-I$(IDF_PATH)/components/soc/esp32/include/ 	-std=gnu99 -Os -ggdb -ffunction-sections -fdata-sections -fstrict-volatile-bitfields -mlongcalls -nostdlib -Wall -Werror=all -Wno-error=unused-function -Wno-error=unused-but-set-variable -Wno-error=unused-variable -Wno-error=deprecated-declarations -Wextra -Wno-unused-parameter -Wno-sign-compare -Wno-old-style-declaration -DWITH_POSIX -DMBEDTLS_CONFIG_FILE='mbedtls/esp_config.h' -DHAVE_CONFIG_H -I/home/physiii/circuits/smart-regulator/code/main/../components/libwebsockets/plugins  -DLWS_IS_FACTORY_APPLICATION=0 -DNDEBUG=1 -Os 	-I/home/physiii/esp/esp-idf/components/nvs_flash/test_nvs_host 	-I/home/physiii/esp/esp-idf/components/freertos/include     CMakeFiles/cmTC_b6ebd.dir/CheckIncludeFile.c.o  -o cmTC_b6ebd  
/home/physiii/esp/xtensa-esp32-elf/bin/../lib/gcc/xtensa-esp32-elf/5.2.0/../../../../xtensa-esp32-elf/bin/ld: warning: cannot find entry symbol _start; defaulting to 0000000000400054
make[3]: Leaving directory '/home/physiii/circuits/smart-regulator/code/build/libwebsockets/CMakeFiles/CMakeTmp'
make[2]: Leaving directory '/home/physiii/circuits/smart-regulator/code/build/libwebsockets/CMakeFiles/CMakeTmp'


Determining if files stdlib.h;stdarg.h;string.h;float.h exist passed with the following output:
Change Dir: /home/physiii/circuits/smart-regulator/code/build/libwebsockets/CMakeFiles/CMakeTmp

Run Build Command:"/usr/bin/make" "cmTC_b731a/fast"
make[2]: Entering directory '/home/physiii/circuits/smart-regulator/code/build/libwebsockets/CMakeFiles/CMakeTmp'
/usr/bin/make -f CMakeFiles/cmTC_b731a.dir/build.make CMakeFiles/cmTC_b731a.dir/build
make[3]: Entering directory '/home/physiii/circuits/smart-regulator/code/build/libwebsockets/CMakeFiles/CMakeTmp'
Building C object CMakeFiles/cmTC_b731a.dir/CheckIncludeFiles.c.o
/home/physiii/esp/xtensa-esp32-elf/bin/../bin/xtensa-esp32-elf-gcc  -DKEYWORD=__inline  -nostdlib -Wall -Werror 	-I/home/physiii/circuits/smart-regulator/code/build/include 	-I/home/physiii/esp/esp-idf/components/mdns/include 	-I/home/physiii/esp/esp-idf/components/driver/include 	-I/home/physiii/esp/esp-idf/components/spi_flash/include 	-I/home/physiii/esp/esp-idf/components/nvs_flash/include 	-I/home/physiii/esp/esp-idf/components/tcpip_adapter/include 	-I/home/physiii/esp/esp-idf/components/lwip/include/lwip/posix 	-I/home/physiii/esp/esp-idf/components/lwip/include/lwip 	-I/home/physiii/esp/esp-idf/components/lwip/include/lwip/port 	-I/home/physiii/esp/esp-idf/components/esp32/include/ 	-I/home/physiii/esp/esp-idf/components/bootloader_support/include/ 	-I/home/physiii/esp/esp-idf/components/app_update/include/ 	-I/home/physiii/esp/esp-idf/components/soc/esp32/include/ 	-std=gnu99 -Os -ggdb -ffunction-sections -fdata-sections -fstrict-volatile-bitfields -mlongcalls -nostdlib -Wall -Werror=all -Wno-error=unused-function -Wno-error=unused-but-set-variable -Wno-error=unused-variable -Wno-error=deprecated-declarations -Wextra -Wno-unused-parameter -Wno-sign-compare -Wno-old-style-declaration -DWITH_POSIX -DMBEDTLS_CONFIG_FILE='mbedtls/esp_config.h' -DHAVE_CONFIG_H -I/home/physiii/circuits/smart-regulator/code/main/../components/libwebsockets/plugins  -DLWS_IS_FACTORY_APPLICATION=0 -DNDEBUG=1 -Os 	-I/home/physiii/esp/esp-idf/components/nvs_flash/test_nvs_host 	-I/home/physiii/esp/esp-idf/components/freertos/include    -o CMakeFiles/cmTC_b731a.dir/CheckIncludeFiles.c.o   -c /home/physiii/circuits/smart-regulator/code/build/libwebsockets/CMakeFiles/CMakeTmp/CheckIncludeFiles.c
Linking C executable cmTC_b731a
/usr/bin/cmake -E cmake_link_script CMakeFiles/cmTC_b731a.dir/link.txt --verbose=1
/home/physiii/esp/xtensa-esp32-elf/bin/../bin/xtensa-esp32-elf-gcc  -nostdlib -Wall -Werror 	-I/home/physiii/circuits/smart-regulator/code/build/include 	-I/home/physiii/esp/esp-idf/components/mdns/include 	-I/home/physiii/esp/esp-idf/components/driver/include 	-I/home/physiii/esp/esp-idf/components/spi_flash/include 	-I/home/physiii/esp/esp-idf/components/nvs_flash/include 	-I/home/physiii/esp/esp-idf/components/tcpip_adapter/include 	-I/home/physiii/esp/esp-idf/components/lwip/include/lwip/posix 	-I/home/physiii/esp/esp-idf/components/lwip/include/lwip 	-I/home/physiii/esp/esp-idf/components/lwip/include/lwip/port 	-I/home/physiii/esp/esp-idf/components/esp32/include/ 	-I/home/physiii/esp/esp-idf/components/bootloader_support/include/ 	-I/home/physiii/esp/esp-idf/components/app_update/include/ 	-I$(IDF_PATH)/components/soc/esp32/include/ 	-std=gnu99 -Os -ggdb -ffunction-sections -fdata-sections -fstrict-volatile-bitfields -mlongcalls -nostdlib -Wall -Werror=all -Wno-error=unused-function -Wno-error=unused-but-set-variable -Wno-error=unused-variable -Wno-error=deprecated-declarations -Wextra -Wno-unused-parameter -Wno-sign-compare -Wno-old-style-declaration -DWITH_POSIX -DMBEDTLS_CONFIG_FILE='mbedtls/esp_config.h' -DHAVE_CONFIG_H -I/home/physiii/circuits/smart-regulator/code/main/../components/libwebsockets/plugins  -DLWS_IS_FACTORY_APPLICATION=0 -DNDEBUG=1 -Os 	-I/home/physiii/esp/esp-idf/components/nvs_flash/test_nvs_host 	-I/home/physiii/esp/esp-idf/components/freertos/include     CMakeFiles/cmTC_b731a.dir/CheckIncludeFiles.c.o  -o cmTC_b731a  
/home/physiii/esp/xtensa-esp32-elf/bin/../lib/gcc/xtensa-esp32-elf/5.2.0/../../../../xtensa-esp32-elf/bin/ld: warning: cannot find entry symbol _start; defaulting to 0000000000400054
make[3]: Leaving directory '/home/physiii/circuits/smart-regulator/code/build/libwebsockets/CMakeFiles/CMakeTmp'
make[2]: Leaving directory '/home/physiii/circuits/smart-regulator/code/build/libwebsockets/CMakeFiles/CMakeTmp'


